<?xml version="1.0" encoding="UTF-8"?>
<testsuite name="CalculatorTest" tests="1" skipped="0" failures="1" errors="0" timestamp="2022-06-07T20:39:20" hostname="XIAOMI" time="0.468">
  <properties/>
  <testcase name="TryCalculator()" classname="CalculatorTest" time="0.468">
    <failure message="java.util.regex.PatternSyntaxException: Stack overflow during pattern compilation near index 6&#13;&#10;(\d+(?:\.\d+)?)&#13;&#10;      ^" type="java.util.regex.PatternSyntaxException">java.util.regex.PatternSyntaxException: Stack overflow during pattern compilation near index 6
(\d+(?:\.\d+)?)
      ^
	at java.base/java.util.regex.Pattern.error(Pattern.java:2028)
	at java.base/java.util.regex.Pattern.&lt;init&gt;(Pattern.java:1432)
	at java.base/java.util.regex.Pattern.compile(Pattern.java:1069)
	at Handler.solveSimpleExpression(Handler.java:87)
	at Handler.solveSimpleExpression(Handler.java:173)
	at Handler.solveSimpleExpression(Handler.java:173)
	at Handler.solveSimpleExpression(Handler.java:173)
	at Handler.solveSimpleExpression(Handler.java:173)
	at Handler.solveSimpleExpression(Handler.java:173)
	at Handler.solveSimpleExpression(Handler.java:173)
	at Handler.solveSimpleExpression(Handler.java:173)
	at Handler.solveSimpleExpression(Handler.java:173)
	at Handler.solveSimpleExpression(Handler.java:173)
	at Handler.solveSimpleExpression(Handler.java:173)
	at Handler.solveSimpleExpression(Handler.java:173)
	at Handler.solveSimpleExpression(Handler.java:173)
	at Handler.solveSimpleExpression(Handler.java:173)
	at Handler.solveSimpleExpression(Handler.java:173)
	at Handler.solveSimpleExpression(Handler.java:173)
	at Handler.solveSimpleExpression(Handler.java:173)
	at Handler.solveSimpleExpression(Handler.java:173)
	at Handler.solveSimpleExpression(Handler.java:173)
	at Handler.solveSimpleExpression(Handler.java:173)
	at Handler.solveSimpleExpression(Handler.java:173)
	at Handler.solveSimpleExpression(Handler.java:173)
	at Handler.solveSimpleExpression(Handler.java:173)
	at Handler.solveSimpleExpression(Handler.java:173)
	at Handler.solveSimpleExpression(Handler.java:173)
	at Handler.solveSimpleExpression(Handler.java:173)
	at Handler.solveSimpleExpression(Handler.java:173)
	at Handler.solveSimpleExpression(Handler.java:173)
	at Handler.solveSimpleExpression(Handler.java:173)
	at Handler.solveSimpleExpression(Handler.java:173)
	at Handler.solveSimpleExpression(Handler.java:173)
	at Handler.solveSimpleExpression(Handler.java:173)
	at Handler.solveSimpleExpression(Handler.java:173)
	at Handler.solveSimpleExpression(Handler.java:173)
	at Handler.solveSimpleExpression(Handler.java:173)
	at Handler.solveSimpleExpression(Handler.java:173)
	at Handler.solveSimpleExpression(Handler.java:173)
	at Handler.solveSimpleExpression(Handler.java:173)
	at Handler.solveSimpleExpression(Handler.java:173)
	at Handler.solveSimpleExpression(Handler.java:173)
	at Handler.solveSimpleExpression(Handler.java:173)
	at Handler.solveSimpleExpression(Handler.java:173)
	at Handler.solveSimpleExpression(Handler.java:173)
	at Handler.solveSimpleExpression(Handler.java:173)
	at Handler.solveSimpleExpression(Handler.java:173)
	at Handler.solveSimpleExpression(Handler.java:173)
	at Handler.solveSimpleExpression(Handler.java:173)
	at Handler.solveSimpleExpression(Handler.java:173)
	at Handler.solveSimpleExpression(Handler.java:173)
	at Handler.solveSimpleExpression(Handler.java:173)
	at Handler.solveSimpleExpression(Handler.java:173)
	at Handler.solveSimpleExpression(Handler.java:173)
	at Handler.solveSimpleExpression(Handler.java:173)
	at Handler.solveSimpleExpression(Handler.java:173)
	at Handler.solveSimpleExpression(Handler.java:173)
	at Handler.solveSimpleExpression(Handler.java:173)
	at Handler.solveSimpleExpression(Handler.java:173)
	at Handler.solveSimpleExpression(Handler.java:173)
	at Handler.solveSimpleExpression(Handler.java:173)
	at Handler.solveSimpleExpression(Handler.java:173)
	at Handler.solveSimpleExpression(Handler.java:173)
	at Handler.solveSimpleExpression(Handler.java:173)
	at Handler.solveSimpleExpression(Handler.java:173)
	at Handler.solveSimpleExpression(Handler.java:173)
	at Handler.solveSimpleExpression(Handler.java:173)
	at Handler.solveSimpleExpression(Handler.java:173)
	at Handler.solveSimpleExpression(Handler.java:173)
	at Handler.solveSimpleExpression(Handler.java:173)
	at Handler.solveSimpleExpression(Handler.java:173)
	at Handler.solveSimpleExpression(Handler.java:173)
	at Handler.solveSimpleExpression(Handler.java:173)
	at Handler.solveSimpleExpression(Handler.java:173)
	at Handler.solveSimpleExpression(Handler.java:173)
	at Handler.solveSimpleExpression(Handler.java:173)
	at Handler.solveSimpleExpression(Handler.java:173)
	at Handler.solveSimpleExpression(Handler.java:173)
	at Handler.solveSimpleExpression(Handler.java:173)
	at Handler.solveSimpleExpression(Handler.java:173)
	at Handler.solveSimpleExpression(Handler.java:173)
	at Handler.solveSimpleExpression(Handler.java:173)
	at Handler.solveSimpleExpression(Handler.java:173)
	at Handler.solveSimpleExpression(Handler.java:173)
	at Handler.solveSimpleExpression(Handler.java:173)
	at Handler.solveSimpleExpression(Handler.java:173)
	at Handler.solveSimpleExpression(Handler.java:173)
	at Handler.solveSimpleExpression(Handler.java:173)
	at Handler.solveSimpleExpression(Handler.java:173)
	at Handler.solveSimpleExpression(Handler.java:173)
	at Handler.solveSimpleExpression(Handler.java:173)
	at Handler.solveSimpleExpression(Handler.java:173)
	at Handler.solveSimpleExpression(Handler.java:173)
	at Handler.solveSimpleExpression(Handler.java:173)
	at Handler.solveSimpleExpression(Handler.java:173)
	at Handler.solveSimpleExpression(Handler.java:173)
	at Handler.solveSimpleExpression(Handler.java:173)
	at Handler.solveSimpleExpression(Handler.java:173)
	at Handler.solveSimpleExpression(Handler.java:173)
	at Handler.solveSimpleExpression(Handler.java:173)
	at Handler.solveSimpleExpression(Handler.java:173)
	at Handler.solveSimpleExpression(Handler.java:173)
	at Handler.solveSimpleExpression(Handler.java:173)
	at Handler.solveSimpleExpression(Handler.java:173)
	at Handler.solveSimpleExpression(Handler.java:173)
	at Handler.solveSimpleExpression(Handler.java:173)
	at Handler.solveSimpleExpression(Handler.java:173)
	at Handler.solveSimpleExpression(Handler.java:173)
	at Handler.solveSimpleExpression(Handler.java:173)
	at Handler.solveSimpleExpression(Handler.java:173)
	at Handler.solveSimpleExpression(Handler.java:173)
	at Handler.solveSimpleExpression(Handler.java:173)
	at Handler.solveSimpleExpression(Handler.java:173)
	at Handler.solveSimpleExpression(Handler.java:173)
	at Handler.solveSimpleExpression(Handler.java:173)
	at Handler.solveSimpleExpression(Handler.java:173)
	at Handler.solveSimpleExpression(Handler.java:173)
	at Handler.solveSimpleExpression(Handler.java:173)
	at Handler.solveSimpleExpression(Handler.java:173)
	at Handler.solveSimpleExpression(Handler.java:173)
	at Handler.solveSimpleExpression(Handler.java:173)
	at Handler.solveSimpleExpression(Handler.java:173)
	at Handler.solveSimpleExpression(Handler.java:173)
	at Handler.solveSimpleExpression(Handler.java:173)
	at Handler.solveSimpleExpression(Handler.java:173)
	at Handler.solveSimpleExpression(Handler.java:173)
	at Handler.solveSimpleExpression(Handler.java:173)
	at Handler.solveSimpleExpression(Handler.java:173)
	at Handler.solveSimpleExpression(Handler.java:173)
	at Handler.solveSimpleExpression(Handler.java:173)
	at Handler.solveSimpleExpression(Handler.java:173)
	at Handler.solveSimpleExpression(Handler.java:173)
	at Handler.solveSimpleExpression(Handler.java:173)
	at Handler.solveSimpleExpression(Handler.java:173)
	at Handler.solveSimpleExpression(Handler.java:173)
	at Handler.solveSimpleExpression(Handler.java:173)
	at Handler.solveSimpleExpression(Handler.java:173)
	at Handler.solveSimpleExpression(Handler.java:173)
	at Handler.solveSimpleExpression(Handler.java:173)
	at Handler.solveSimpleExpression(Handler.java:173)
	at Handler.solveSimpleExpression(Handler.java:173)
	at Handler.solveSimpleExpression(Handler.java:173)
	at Handler.solveSimpleExpression(Handler.java:173)
	at Handler.solveSimpleExpression(Handler.java:173)
	at Handler.solveSimpleExpression(Handler.java:173)
	at Handler.solveSimpleExpression(Handler.java:173)
	at Handler.solveSimpleExpression(Handler.java:173)
	at Handler.solveSimpleExpression(Handler.java:173)
	at Handler.solveSimpleExpression(Handler.java:173)
	at Handler.solveSimpleExpression(Handler.java:173)
	at Handler.solveSimpleExpression(Handler.java:173)
	at Handler.solveSimpleExpression(Handler.java:173)
	at Handler.solveSimpleExpression(Handler.java:173)
	at Handler.solveSimpleExpression(Handler.java:173)
	at Handler.solveSimpleExpression(Handler.java:173)
	at Handler.solveSimpleExpression(Handler.java:173)
	at Handler.solveSimpleExpression(Handler.java:173)
	at Handler.solveSimpleExpression(Handler.java:173)
	at Handler.solveSimpleExpression(Handler.java:173)
	at Handler.solveSimpleExpression(Handler.java:173)
	at Handler.solveSimpleExpression(Handler.java:173)
	at Handler.solveSimpleExpression(Handler.java:173)
	at Handler.solveSimpleExpression(Handler.java:173)
	at Handler.solveSimpleExpression(Handler.java:173)
	at Handler.solveSimpleExpression(Handler.java:173)
	at Handler.solveSimpleExpression(Handler.java:173)
	at Handler.solveSimpleExpression(Handler.java:173)
	at Handler.solveSimpleExpression(Handler.java:173)
	at Handler.solveSimpleExpression(Handler.java:173)
	at Handler.solveSimpleExpression(Handler.java:173)
	at Handler.solveSimpleExpression(Handler.java:173)
	at Handler.solveSimpleExpression(Handler.java:173)
	at Handler.solveSimpleExpression(Handler.java:173)
	at Handler.solveSimpleExpression(Handler.java:173)
	at Handler.solveSimpleExpression(Handler.java:173)
	at Handler.solveSimpleExpression(Handler.java:173)
	at Handler.solveSimpleExpression(Handler.java:173)
	at Handler.solveSimpleExpression(Handler.java:173)
	at Handler.solveSimpleExpression(Handler.java:173)
	at Handler.solveSimpleExpression(Handler.java:173)
	at Handler.solveSimpleExpression(Handler.java:173)
	at Handler.solveSimpleExpression(Handler.java:173)
	at Handler.solveSimpleExpression(Handler.java:173)
	at Handler.solveSimpleExpression(Handler.java:173)
	at Handler.solveSimpleExpression(Handler.java:173)
	at Handler.solveSimpleExpression(Handler.java:173)
	at Handler.solveSimpleExpression(Handler.java:173)
	at Handler.solveSimpleExpression(Handler.java:173)
	at Handler.solveSimpleExpression(Handler.java:173)
	at Handler.solveSimpleExpression(Handler.java:173)
	at Handler.solveSimpleExpression(Handler.java:173)
	at Handler.solveSimpleExpression(Handler.java:173)
	at Handler.solveSimpleExpression(Handler.java:173)
	at Handler.solveSimpleExpression(Handler.java:173)
	at Handler.solveSimpleExpression(Handler.java:173)
	at Handler.solveSimpleExpression(Handler.java:173)
	at Handler.solveSimpleExpression(Handler.java:173)
	at Handler.solveSimpleExpression(Handler.java:173)
	at Handler.solveSimpleExpression(Handler.java:173)
	at Handler.solveSimpleExpression(Handler.java:173)
	at Handler.solveSimpleExpression(Handler.java:173)
	at Handler.solveSimpleExpression(Handler.java:173)
	at Handler.solveSimpleExpression(Handler.java:173)
	at Handler.solveSimpleExpression(Handler.java:173)
	at Handler.solveSimpleExpression(Handler.java:173)
	at Handler.solveSimpleExpression(Handler.java:173)
	at Handler.solveSimpleExpression(Handler.java:173)
	at Handler.solveSimpleExpression(Handler.java:173)
	at Handler.solveSimpleExpression(Handler.java:173)
	at Handler.solveSimpleExpression(Handler.java:173)
	at Handler.solveSimpleExpression(Handler.java:173)
	at Handler.solveSimpleExpression(Handler.java:173)
	at Handler.solveSimpleExpression(Handler.java:173)
	at Handler.solveSimpleExpression(Handler.java:173)
	at Handler.solveSimpleExpression(Handler.java:173)
	at Handler.solveSimpleExpression(Handler.java:173)
	at Handler.solveSimpleExpression(Handler.java:173)
	at Handler.solveSimpleExpression(Handler.java:173)
	at Handler.solveSimpleExpression(Handler.java:173)
	at Handler.solveSimpleExpression(Handler.java:173)
	at Handler.solveSimpleExpression(Handler.java:173)
	at Handler.solveSimpleExpression(Handler.java:173)
	at Handler.solveSimpleExpression(Handler.java:173)
	at Handler.solveSimpleExpression(Handler.java:173)
	at Handler.solveSimpleExpression(Handler.java:173)
	at Handler.solveSimpleExpression(Handler.java:173)
	at Handler.solveSimpleExpression(Handler.java:173)
	at Handler.solveSimpleExpression(Handler.java:173)
	at Handler.solveSimpleExpression(Handler.java:173)
	at Handler.solveSimpleExpression(Handler.java:173)
	at Handler.solveSimpleExpression(Handler.java:173)
	at Handler.solveSimpleExpression(Handler.java:173)
	at Handler.solveSimpleExpression(Handler.java:173)
	at Handler.solveSimpleExpression(Handler.java:173)
	at Handler.solveSimpleExpression(Handler.java:173)
	at Handler.solveSimpleExpression(Handler.java:173)
	at Handler.solveSimpleExpression(Handler.java:173)
	at Handler.solveSimpleExpression(Handler.java:173)
	at Handler.solveSimpleExpression(Handler.java:173)
	at Handler.solveSimpleExpression(Handler.java:173)
	at Handler.solveSimpleExpression(Handler.java:173)
	at Handler.solveSimpleExpression(Handler.java:173)
	at Handler.solveSimpleExpression(Handler.java:173)
	at Handler.solveSimpleExpression(Handler.java:173)
	at Handler.solveSimpleExpression(Handler.java:173)
	at Handler.solveSimpleExpression(Handler.java:173)
	at Handler.solveSimpleExpression(Handler.java:173)
	at Handler.solveSimpleExpression(Handler.java:173)
	at Handler.solveSimpleExpression(Handler.java:173)
	at Handler.solveSimpleExpression(Handler.java:173)
	at Handler.solveSimpleExpression(Handler.java:173)
	at Handler.solveSimpleExpression(Handler.java:173)
	at Handler.solveSimpleExpression(Handler.java:173)
	at Handler.solveSimpleExpression(Handler.java:173)
	at Handler.solveSimpleExpression(Handler.java:173)
	at Handler.solveSimpleExpression(Handler.java:173)
	at Handler.solveSimpleExpression(Handler.java:173)
	at Handler.solveSimpleExpression(Handler.java:173)
	at Handler.solveSimpleExpression(Handler.java:173)
	at Handler.solveSimpleExpression(Handler.java:173)
	at Handler.solveSimpleExpression(Handler.java:173)
	at Handler.solveSimpleExpression(Handler.java:173)
	at Handler.solveSimpleExpression(Handler.java:173)
	at Handler.solveSimpleExpression(Handler.java:173)
	at Handler.solveSimpleExpression(Handler.java:173)
	at Handler.solveSimpleExpression(Handler.java:173)
	at Handler.solveSimpleExpression(Handler.java:173)
	at Handler.solveSimpleExpression(Handler.java:173)
	at Handler.solveSimpleExpression(Handler.java:173)
	at Handler.solveSimpleExpression(Handler.java:173)
	at Handler.solveSimpleExpression(Handler.java:173)
	at Handler.solveSimpleExpression(Handler.java:173)
	at Handler.solveSimpleExpression(Handler.java:173)
	at Handler.solveSimpleExpression(Handler.java:173)
	at Handler.solveSimpleExpression(Handler.java:173)
	at Handler.solveSimpleExpression(Handler.java:173)
	at Handler.solveSimpleExpression(Handler.java:173)
	at Handler.solveSimpleExpression(Handler.java:173)
	at Handler.solveSimpleExpression(Handler.java:173)
	at Handler.solveSimpleExpression(Handler.java:173)
	at Handler.solveSimpleExpression(Handler.java:173)
	at Handler.solveSimpleExpression(Handler.java:173)
	at Handler.solveSimpleExpression(Handler.java:173)
	at Handler.solveSimpleExpression(Handler.java:173)
	at Handler.solveSimpleExpression(Handler.java:173)
	at Handler.solveSimpleExpression(Handler.java:173)
	at Handler.solveSimpleExpression(Handler.java:173)
	at Handler.solveSimpleExpression(Handler.java:173)
	at Handler.solveSimpleExpression(Handler.java:173)
	at Handler.solveSimpleExpression(Handler.java:173)
	at Handler.solveSimpleExpression(Handler.java:173)
	at Handler.solveSimpleExpression(Handler.java:173)
	at Handler.solveSimpleExpression(Handler.java:173)
	at Handler.solveSimpleExpression(Handler.java:173)
	at Handler.solveSimpleExpression(Handler.java:173)
	at Handler.solveSimpleExpression(Handler.java:173)
	at Handler.solveSimpleExpression(Handler.java:173)
	at Handler.solveSimpleExpression(Handler.java:173)
	at Handler.solveSimpleExpression(Handler.java:173)
	at Handler.solveSimpleExpression(Handler.java:173)
	at Handler.solveSimpleExpression(Handler.java:173)
	at Handler.solveSimpleExpression(Handler.java:173)
	at Handler.solveSimpleExpression(Handler.java:173)
	at Handler.solveSimpleExpression(Handler.java:173)
	at Handler.solveSimpleExpression(Handler.java:173)
	at Handler.solveSimpleExpression(Handler.java:173)
	at Handler.solveSimpleExpression(Handler.java:173)
	at Handler.solveSimpleExpression(Handler.java:173)
	at Handler.solveSimpleExpression(Handler.java:173)
	at Handler.solveSimpleExpression(Handler.java:173)
	at Handler.solveSimpleExpression(Handler.java:173)
	at Handler.solveSimpleExpression(Handler.java:173)
	at Handler.solveSimpleExpression(Handler.java:173)
	at Handler.solveSimpleExpression(Handler.java:173)
	at Handler.solveSimpleExpression(Handler.java:173)
	at Handler.solveSimpleExpression(Handler.java:173)
	at Handler.solveSimpleExpression(Handler.java:173)
	at Handler.solveSimpleExpression(Handler.java:173)
	at Handler.solveSimpleExpression(Handler.java:173)
	at Handler.solveSimpleExpression(Handler.java:173)
	at Handler.solveSimpleExpression(Handler.java:173)
	at Handler.solveSimpleExpression(Handler.java:173)
	at Handler.solveSimpleExpression(Handler.java:173)
	at Handler.solveSimpleExpression(Handler.java:173)
	at Handler.solveSimpleExpression(Handler.java:173)
	at Handler.solveSimpleExpression(Handler.java:173)
	at Handler.solveSimpleExpression(Handler.java:173)
	at Handler.solveSimpleExpression(Handler.java:173)
	at Handler.solveSimpleExpression(Handler.java:173)
	at Handler.solveSimpleExpression(Handler.java:173)
	at Handler.solveSimpleExpression(Handler.java:173)
	at Handler.solveSimpleExpression(Handler.java:173)
	at Handler.solveSimpleExpression(Handler.java:173)
	at Handler.solveSimpleExpression(Handler.java:173)
	at Handler.solveSimpleExpression(Handler.java:173)
	at Handler.solveSimpleExpression(Handler.java:173)
	at Handler.solveSimpleExpression(Handler.java:173)
	at Handler.solveSimpleExpression(Handler.java:173)
	at Handler.solveSimpleExpression(Handler.java:173)
	at Handler.solveSimpleExpression(Handler.java:173)
	at Handler.solveSimpleExpression(Handler.java:173)
	at Handler.solveSimpleExpression(Handler.java:173)
	at Handler.solveSimpleExpression(Handler.java:173)
	at Handler.solveSimpleExpression(Handler.java:173)
	at Handler.solveSimpleExpression(Handler.java:173)
	at Handler.solveSimpleExpression(Handler.java:173)
	at Handler.solveSimpleExpression(Handler.java:173)
	at Handler.solveSimpleExpression(Handler.java:173)
	at Handler.solveSimpleExpression(Handler.java:173)
	at Handler.solveSimpleExpression(Handler.java:173)
	at Handler.solveSimpleExpression(Handler.java:173)
	at Handler.solveSimpleExpression(Handler.java:173)
	at Handler.solveSimpleExpression(Handler.java:173)
	at Handler.solveSimpleExpression(Handler.java:173)
	at Handler.solveSimpleExpression(Handler.java:173)
	at Handler.solveSimpleExpression(Handler.java:173)
	at Handler.solveSimpleExpression(Handler.java:173)
	at Handler.solveSimpleExpression(Handler.java:173)
	at Handler.solveSimpleExpression(Handler.java:173)
	at Handler.solveSimpleExpression(Handler.java:173)
	at Handler.solveSimpleExpression(Handler.java:173)
	at Handler.solveSimpleExpression(Handler.java:173)
	at Handler.solveSimpleExpression(Handler.java:173)
	at Handler.solveSimpleExpression(Handler.java:173)
	at Handler.solveSimpleExpression(Handler.java:173)
	at Handler.solveSimpleExpression(Handler.java:173)
	at Handler.solveSimpleExpression(Handler.java:173)
	at Handler.solveSimpleExpression(Handler.java:173)
	at Handler.solveSimpleExpression(Handler.java:173)
	at Handler.solveSimpleExpression(Handler.java:173)
	at Handler.solveSimpleExpression(Handler.java:173)
	at Handler.solveSimpleExpression(Handler.java:173)
	at Handler.solveSimpleExpression(Handler.java:173)
	at Handler.solveSimpleExpression(Handler.java:173)
	at Handler.solveSimpleExpression(Handler.java:173)
	at Handler.solveSimpleExpression(Handler.java:173)
	at Handler.solveSimpleExpression(Handler.java:173)
	at Handler.solveSimpleExpression(Handler.java:173)
	at Handler.solveSimpleExpression(Handler.java:173)
	at Handler.solveSimpleExpression(Handler.java:173)
	at Handler.solveSimpleExpression(Handler.java:173)
	at Handler.solveSimpleExpression(Handler.java:173)
	at Handler.solveSimpleExpression(Handler.java:173)
	at Handler.solveSimpleExpression(Handler.java:173)
	at Handler.solveSimpleExpression(Handler.java:173)
	at Handler.solveSimpleExpression(Handler.java:173)
	at Handler.solveSimpleExpression(Handler.java:173)
	at Handler.solveSimpleExpression(Handler.java:173)
	at Handler.solveSimpleExpression(Handler.java:173)
	at Handler.solveSimpleExpression(Handler.java:173)
	at Handler.solveSimpleExpression(Handler.java:173)
	at Handler.solveSimpleExpression(Handler.java:173)
	at Handler.solveSimpleExpression(Handler.java:173)
	at Handler.solveSimpleExpression(Handler.java:173)
	at Handler.solveSimpleExpression(Handler.java:173)
	at Handler.solveSimpleExpression(Handler.java:173)
	at Handler.solveSimpleExpression(Handler.java:173)
	at Handler.solveSimpleExpression(Handler.java:173)
	at Handler.solveSimpleExpression(Handler.java:173)
	at Handler.solveSimpleExpression(Handler.java:173)
	at Handler.solveSimpleExpression(Handler.java:173)
	at Handler.solveSimpleExpression(Handler.java:173)
	at Handler.solveSimpleExpression(Handler.java:173)
	at Handler.solveSimpleExpression(Handler.java:173)
	at Handler.solveSimpleExpression(Handler.java:173)
	at Handler.solveSimpleExpression(Handler.java:173)
	at Handler.solveSimpleExpression(Handler.java:173)
	at Handler.solveSimpleExpression(Handler.java:173)
	at Handler.solveSimpleExpression(Handler.java:173)
	at Handler.solveSimpleExpression(Handler.java:173)
	at Handler.solveSimpleExpression(Handler.java:173)
	at Handler.solveSimpleExpression(Handler.java:173)
	at Handler.solveSimpleExpression(Handler.java:173)
	at Handler.solveSimpleExpression(Handler.java:173)
	at Handler.solveSimpleExpression(Handler.java:173)
	at Handler.solveSimpleExpression(Handler.java:173)
	at Handler.solveSimpleExpression(Handler.java:173)
	at Handler.solveSimpleExpression(Handler.java:173)
	at Handler.solveSimpleExpression(Handler.java:173)
	at Handler.solveSimpleExpression(Handler.java:173)
	at Handler.solveSimpleExpression(Handler.java:173)
	at Handler.solveSimpleExpression(Handler.java:173)
	at Handler.solveSimpleExpression(Handler.java:173)
	at Handler.solveSimpleExpression(Handler.java:173)
	at Handler.solveSimpleExpression(Handler.java:173)
	at Handler.solveSimpleExpression(Handler.java:173)
	at Handler.solveSimpleExpression(Handler.java:173)
	at Handler.solveSimpleExpression(Handler.java:173)
	at Handler.solveSimpleExpression(Handler.java:173)
	at Handler.solveSimpleExpression(Handler.java:173)
	at Handler.solveSimpleExpression(Handler.java:173)
	at Handler.solveSimpleExpression(Handler.java:173)
	at Handler.solveSimpleExpression(Handler.java:173)
	at Handler.solveSimpleExpression(Handler.java:173)
	at Handler.solveSimpleExpression(Handler.java:173)
	at Handler.solveSimpleExpression(Handler.java:173)
	at Handler.solveSimpleExpression(Handler.java:173)
	at Handler.solveSimpleExpression(Handler.java:173)
	at Handler.solveSimpleExpression(Handler.java:173)
	at Handler.solveSimpleExpression(Handler.java:173)
	at Handler.solveSimpleExpression(Handler.java:173)
	at Handler.solveSimpleExpression(Handler.java:173)
	at Handler.solveSimpleExpression(Handler.java:173)
	at Handler.solveSimpleExpression(Handler.java:173)
	at Handler.solveSimpleExpression(Handler.java:173)
	at Handler.solveSimpleExpression(Handler.java:173)
	at Handler.solveSimpleExpression(Handler.java:173)
	at Handler.solveSimpleExpression(Handler.java:173)
	at Handler.solveSimpleExpression(Handler.java:173)
	at Handler.solveSimpleExpression(Handler.java:173)
	at Handler.solveSimpleExpression(Handler.java:173)
	at Handler.solveSimpleExpression(Handler.java:173)
	at Handler.solveSimpleExpression(Handler.java:173)
	at Handler.solveSimpleExpression(Handler.java:173)
	at Handler.solveSimpleExpression(Handler.java:173)
	at Handler.solveSimpleExpression(Handler.java:173)
	at Handler.solveSimpleExpression(Handler.java:173)
	at Handler.solveSimpleExpression(Handler.java:173)
	at Handler.solveSimpleExpression(Handler.java:173)
	at Handler.solveSimpleExpression(Handler.java:173)
	at Handler.solveSimpleExpression(Handler.java:173)
	at Handler.solveSimpleExpression(Handler.java:173)
	at Handler.solveSimpleExpression(Handler.java:173)
	at Handler.solveSimpleExpression(Handler.java:173)
	at Handler.solveSimpleExpression(Handler.java:173)
	at Handler.solveSimpleExpression(Handler.java:173)
	at Handler.solveSimpleExpression(Handler.java:173)
	at Handler.solveSimpleExpression(Handler.java:173)
	at Handler.solveSimpleExpression(Handler.java:173)
	at Handler.solveSimpleExpression(Handler.java:173)
	at Handler.solveSimpleExpression(Handler.java:173)
	at Handler.solveSimpleExpression(Handler.java:173)
	at Handler.solveSimpleExpression(Handler.java:173)
	at Handler.solveSimpleExpression(Handler.java:173)
	at Handler.solveSimpleExpression(Handler.java:173)
	at Handler.solveSimpleExpression(Handler.java:173)
	at Handler.solveSimpleExpression(Handler.java:173)
	at Handler.solveSimpleExpression(Handler.java:173)
	at Handler.solveSimpleExpression(Handler.java:173)
	at Handler.solveSimpleExpression(Handler.java:173)
	at Handler.solveSimpleExpression(Handler.java:173)
	at Handler.solveSimpleExpression(Handler.java:173)
	at Handler.solveSimpleExpression(Handler.java:173)
	at Handler.solveSimpleExpression(Handler.java:173)
	at Handler.solveSimpleExpression(Handler.java:173)
	at Handler.solveSimpleExpression(Handler.java:173)
	at Handler.solveSimpleExpression(Handler.java:173)
	at Handler.solveSimpleExpression(Handler.java:173)
	at Handler.solveSimpleExpression(Handler.java:173)
	at Handler.solveSimpleExpression(Handler.java:173)
	at Handler.solveSimpleExpression(Handler.java:173)
	at Handler.solveSimpleExpression(Handler.java:173)
	at Handler.solveSimpleExpression(Handler.java:173)
	at Handler.solveSimpleExpression(Handler.java:173)
	at Handler.solveSimpleExpression(Handler.java:173)
	at Handler.solveSimpleExpression(Handler.java:173)
	at Handler.solveSimpleExpression(Handler.java:173)
	at Handler.solveSimpleExpression(Handler.java:173)
	at Handler.solveSimpleExpression(Handler.java:173)
	at Handler.solveSimpleExpression(Handler.java:173)
	at Handler.solveSimpleExpression(Handler.java:173)
	at Handler.solveSimpleExpression(Handler.java:173)
	at Handler.solveSimpleExpression(Handler.java:173)
	at Handler.solveSimpleExpression(Handler.java:173)
	at Handler.solveSimpleExpression(Handler.java:173)
	at Handler.solveSimpleExpression(Handler.java:173)
	at Handler.solveSimpleExpression(Handler.java:173)
	at Handler.solveSimpleExpression(Handler.java:173)
	at Handler.solveSimpleExpression(Handler.java:173)
	at Handler.solveSimpleExpression(Handler.java:173)
	at Handler.solveSimpleExpression(Handler.java:173)
	at Handler.solveSimpleExpression(Handler.java:173)
	at Handler.solveSimpleExpression(Handler.java:173)
	at Handler.solveSimpleExpression(Handler.java:173)
	at Handler.solveSimpleExpression(Handler.java:173)
	at Handler.solveSimpleExpression(Handler.java:173)
	at Handler.solveSimpleExpression(Handler.java:173)
	at Handler.solveSimpleExpression(Handler.java:173)
	at Handler.solveSimpleExpression(Handler.java:173)
	at Handler.solveSimpleExpression(Handler.java:173)
	at Handler.solveSimpleExpression(Handler.java:173)
	at Handler.solveSimpleExpression(Handler.java:173)
	at Handler.solveSimpleExpression(Handler.java:173)
	at Handler.solveSimpleExpression(Handler.java:173)
	at Handler.solveSimpleExpression(Handler.java:173)
	at Handler.solveSimpleExpression(Handler.java:173)
	at Handler.solveSimpleExpression(Handler.java:173)
	at Handler.solveSimpleExpression(Handler.java:173)
	at Handler.solveSimpleExpression(Handler.java:173)
	at Handler.solveSimpleExpression(Handler.java:173)
	at Handler.solveSimpleExpression(Handler.java:173)
	at Handler.solveSimpleExpression(Handler.java:173)
	at Handler.solveSimpleExpression(Handler.java:173)
	at Handler.solveSimpleExpression(Handler.java:173)
	at Handler.solveSimpleExpression(Handler.java:173)
	at Handler.solveSimpleExpression(Handler.java:173)
	at Handler.solveSimpleExpression(Handler.java:173)
	at Handler.solveSimpleExpression(Handler.java:173)
	at Handler.solveSimpleExpression(Handler.java:173)
	at Handler.solveSimpleExpression(Handler.java:173)
	at Handler.solveSimpleExpression(Handler.java:173)
	at Handler.solveSimpleExpression(Handler.java:173)
	at Handler.solveSimpleExpression(Handler.java:173)
	at Handler.solveSimpleExpression(Handler.java:173)
	at Handler.solveSimpleExpression(Handler.java:173)
	at Handler.solveSimpleExpression(Handler.java:173)
	at Handler.solveSimpleExpression(Handler.java:173)
	at Handler.solveSimpleExpression(Handler.java:173)
	at Handler.solveSimpleExpression(Handler.java:173)
	at Handler.solveSimpleExpression(Handler.java:173)
	at Handler.solveSimpleExpression(Handler.java:173)
	at Handler.solveSimpleExpression(Handler.java:173)
	at Handler.solveSimpleExpression(Handler.java:173)
	at Handler.solveSimpleExpression(Handler.java:173)
	at Handler.solveSimpleExpression(Handler.java:173)
	at Handler.solveSimpleExpression(Handler.java:173)
	at Handler.solveSimpleExpression(Handler.java:173)
	at Handler.solveSimpleExpression(Handler.java:173)
	at Handler.solveSimpleExpression(Handler.java:173)
	at Handler.solveSimpleExpression(Handler.java:173)
	at Handler.solveSimpleExpression(Handler.java:173)
	at Handler.solveSimpleExpression(Handler.java:173)
	at Handler.solveSimpleExpression(Handler.java:173)
	at Handler.solveSimpleExpression(Handler.java:173)
	at Handler.solveSimpleExpression(Handler.java:173)
	at Handler.solveSimpleExpression(Handler.java:173)
	at Handler.solveSimpleExpression(Handler.java:173)
	at Handler.solveSimpleExpression(Handler.java:173)
	at Handler.solveSimpleExpression(Handler.java:173)
	at Handler.solveSimpleExpression(Handler.java:173)
	at Handler.solveSimpleExpression(Handler.java:173)
	at Handler.solveSimpleExpression(Handler.java:173)
	at Handler.solveSimpleExpression(Handler.java:173)
	at Handler.solveSimpleExpression(Handler.java:173)
	at Handler.solveSimpleExpression(Handler.java:173)
	at Handler.solveSimpleExpression(Handler.java:173)
	at Handler.solveSimpleExpression(Handler.java:173)
	at Handler.solveSimpleExpression(Handler.java:173)
	at Handler.solveSimpleExpression(Handler.java:173)
	at Handler.solveSimpleExpression(Handler.java:173)
	at Handler.solveSimpleExpression(Handler.java:173)
	at Handler.solveSimpleExpression(Handler.java:173)
	at Handler.solveSimpleExpression(Handler.java:173)
	at Handler.solveSimpleExpression(Handler.java:173)
	at Handler.solveSimpleExpression(Handler.java:173)
	at Handler.solveSimpleExpression(Handler.java:173)
	at Handler.solveSimpleExpression(Handler.java:173)
	at Handler.solveSimpleExpression(Handler.java:173)
	at Handler.solveSimpleExpression(Handler.java:173)
	at Handler.solveSimpleExpression(Handler.java:173)
	at Handler.solveSimpleExpression(Handler.java:173)
	at Handler.solveSimpleExpression(Handler.java:173)
	at Handler.solveSimpleExpression(Handler.java:173)
	at Handler.solveSimpleExpression(Handler.java:173)
	at Handler.solveSimpleExpression(Handler.java:173)
	at Handler.solveSimpleExpression(Handler.java:173)
	at Handler.solveSimpleExpression(Handler.java:173)
	at Handler.solveSimpleExpression(Handler.java:173)
	at Handler.solveSimpleExpression(Handler.java:173)
	at Handler.solveSimpleExpression(Handler.java:173)
	at Handler.solveSimpleExpression(Handler.java:173)
	at Handler.solveSimpleExpression(Handler.java:173)
	at Handler.solveSimpleExpression(Handler.java:173)
	at Handler.solveSimpleExpression(Handler.java:173)
	at Handler.solveSimpleExpression(Handler.java:173)
	at Handler.solveSimpleExpression(Handler.java:173)
	at Handler.solveSimpleExpression(Handler.java:173)
	at Handler.solveSimpleExpression(Handler.java:173)
	at Handler.solveSimpleExpression(Handler.java:173)
	at Handler.solveSimpleExpression(Handler.java:173)
	at Handler.solveSimpleExpression(Handler.java:173)
	at Handler.solveSimpleExpression(Handler.java:173)
	at Handler.solveSimpleExpression(Handler.java:173)
	at Handler.solveSimpleExpression(Handler.java:173)
	at Handler.solveSimpleExpression(Handler.java:173)
	at Handler.solveSimpleExpression(Handler.java:173)
	at Handler.solveSimpleExpression(Handler.java:173)
	at Handler.solveSimpleExpression(Handler.java:173)
	at Handler.solveSimpleExpression(Handler.java:173)
	at Handler.solveSimpleExpression(Handler.java:173)
	at Handler.solveSimpleExpression(Handler.java:173)
	at Handler.solveSimpleExpression(Handler.java:173)
	at Handler.solveSimpleExpression(Handler.java:173)
	at Handler.solveSimpleExpression(Handler.java:173)
	at Handler.solveSimpleExpression(Handler.java:173)
	at Handler.solveSimpleExpression(Handler.java:173)
	at Handler.solveSimpleExpression(Handler.java:173)
	at Handler.solveSimpleExpression(Handler.java:173)
	at Handler.solveSimpleExpression(Handler.java:173)
	at Handler.solveSimpleExpression(Handler.java:173)
	at Handler.solveSimpleExpression(Handler.java:173)
	at Handler.solveSimpleExpression(Handler.java:173)
	at Handler.solveSimpleExpression(Handler.java:173)
	at Handler.solveSimpleExpression(Handler.java:173)
	at Handler.solveSimpleExpression(Handler.java:173)
	at Handler.solveSimpleExpression(Handler.java:173)
	at Handler.solveSimpleExpression(Handler.java:173)
	at Handler.solveSimpleExpression(Handler.java:173)
	at Handler.solveSimpleExpression(Handler.java:173)
	at Handler.solveSimpleExpression(Handler.java:173)
	at Handler.solveSimpleExpression(Handler.java:173)
	at Handler.solveSimpleExpression(Handler.java:173)
	at Handler.solveSimpleExpression(Handler.java:173)
	at Handler.solveSimpleExpression(Handler.java:173)
	at Handler.solveSimpleExpression(Handler.java:173)
	at Handler.solveSimpleExpression(Handler.java:173)
	at Handler.solveSimpleExpression(Handler.java:173)
	at Handler.solveSimpleExpression(Handler.java:173)
	at Handler.solveSimpleExpression(Handler.java:173)
	at Handler.solveSimpleExpression(Handler.java:173)
	at Handler.solveSimpleExpression(Handler.java:173)
	at Handler.solveSimpleExpression(Handler.java:173)
	at Handler.solveSimpleExpression(Handler.java:173)
	at Handler.solveSimpleExpression(Handler.java:173)
	at Handler.solveSimpleExpression(Handler.java:173)
	at Handler.solveSimpleExpression(Handler.java:173)
	at Handler.solveSimpleExpression(Handler.java:173)
	at Handler.solveSimpleExpression(Handler.java:173)
	at Handler.solveSimpleExpression(Handler.java:173)
	at Handler.solveSimpleExpression(Handler.java:173)
	at Handler.solveSimpleExpression(Handler.java:173)
	at Handler.solveSimpleExpression(Handler.java:173)
	at Handler.solveSimpleExpression(Handler.java:173)
	at Handler.solveSimpleExpression(Handler.java:173)
	at Handler.solveSimpleExpression(Handler.java:173)
	at Handler.solveSimpleExpression(Handler.java:173)
	at Handler.solveSimpleExpression(Handler.java:173)
	at Handler.solveSimpleExpression(Handler.java:173)
	at Handler.solveSimpleExpression(Handler.java:173)
	at Handler.solveSimpleExpression(Handler.java:173)
	at Handler.solveSimpleExpression(Handler.java:173)
	at Handler.solveSimpleExpression(Handler.java:173)
	at Handler.solveSimpleExpression(Handler.java:173)
	at Handler.solveSimpleExpression(Handler.java:173)
	at Handler.solveSimpleExpression(Handler.java:173)
	at Handler.solveSimpleExpression(Handler.java:173)
	at Handler.solveSimpleExpression(Handler.java:173)
	at Handler.solveSimpleExpression(Handler.java:173)
	at Handler.solveSimpleExpression(Handler.java:173)
	at Handler.solveSimpleExpression(Handler.java:173)
	at Handler.solveSimpleExpression(Handler.java:173)
	at Handler.solveSimpleExpression(Handler.java:173)
	at Handler.solveSimpleExpression(Handler.java:173)
	at Handler.solveSimpleExpression(Handler.java:173)
	at Handler.solveSimpleExpression(Handler.java:173)
	at Handler.solveSimpleExpression(Handler.java:173)
	at Handler.solveSimpleExpression(Handler.java:173)
	at Handler.solveSimpleExpression(Handler.java:173)
	at Handler.solveSimpleExpression(Handler.java:173)
	at Handler.solveSimpleExpression(Handler.java:173)
	at Handler.solveSimpleExpression(Handler.java:173)
	at Handler.solveSimpleExpression(Handler.java:173)
	at Handler.solveSimpleExpression(Handler.java:173)
	at Handler.solveSimpleExpression(Handler.java:173)
	at Handler.solveSimpleExpression(Handler.java:173)
	at Handler.solveSimpleExpression(Handler.java:173)
	at Handler.solveSimpleExpression(Handler.java:173)
	at Handler.solveSimpleExpression(Handler.java:173)
	at Handler.solveSimpleExpression(Handler.java:173)
	at Handler.solveSimpleExpression(Handler.java:173)
	at Handler.solveSimpleExpression(Handler.java:173)
	at Handler.solveSimpleExpression(Handler.java:173)
	at Handler.solveSimpleExpression(Handler.java:173)
	at Handler.solveSimpleExpression(Handler.java:173)
	at Handler.solveSimpleExpression(Handler.java:173)
	at Handler.solveSimpleExpression(Handler.java:173)
	at Handler.solveSimpleExpression(Handler.java:173)
	at Handler.solveSimpleExpression(Handler.java:173)
	at Handler.solveSimpleExpression(Handler.java:173)
	at Handler.solveSimpleExpression(Handler.java:173)
	at Handler.solveSimpleExpression(Handler.java:173)
	at Handler.solveSimpleExpression(Handler.java:173)
	at Handler.solveSimpleExpression(Handler.java:173)
	at Handler.solveSimpleExpression(Handler.java:173)
	at Handler.solveSimpleExpression(Handler.java:173)
	at Handler.solveSimpleExpression(Handler.java:173)
	at Handler.solveSimpleExpression(Handler.java:173)
	at Handler.solveSimpleExpression(Handler.java:173)
	at Handler.solveSimpleExpression(Handler.java:173)
	at Handler.solveSimpleExpression(Handler.java:173)
	at Handler.solveSimpleExpression(Handler.java:173)
	at Handler.solveSimpleExpression(Handler.java:173)
	at Handler.solveSimpleExpression(Handler.java:173)
	at Handler.solveSimpleExpression(Handler.java:173)
	at Handler.solveSimpleExpression(Handler.java:173)
	at Handler.solveSimpleExpression(Handler.java:173)
	at Handler.solveSimpleExpression(Handler.java:173)
	at Handler.solveSimpleExpression(Handler.java:173)
	at Handler.solveSimpleExpression(Handler.java:173)
	at Handler.solveSimpleExpression(Handler.java:173)
	at Handler.solveSimpleExpression(Handler.java:173)
	at Handler.solveSimpleExpression(Handler.java:173)
	at Handler.solveSimpleExpression(Handler.java:173)
	at Handler.solveSimpleExpression(Handler.java:173)
	at Handler.solveSimpleExpression(Handler.java:173)
	at Handler.solveSimpleExpression(Handler.java:173)
	at Handler.solveSimpleExpression(Handler.java:173)
	at Handler.solveSimpleExpression(Handler.java:173)
	at Handler.solveSimpleExpression(Handler.java:173)
	at Handler.solveSimpleExpression(Handler.java:173)
	at Handler.solveSimpleExpression(Handler.java:173)
	at Handler.solveSimpleExpression(Handler.java:173)
	at Handler.solveSimpleExpression(Handler.java:173)
	at Handler.solveSimpleExpression(Handler.java:173)
	at Handler.solveSimpleExpression(Handler.java:173)
	at Handler.solveSimpleExpression(Handler.java:173)
	at Handler.solveSimpleExpression(Handler.java:173)
	at Handler.solveSimpleExpression(Handler.java:173)
	at Handler.solveSimpleExpression(Handler.java:173)
	at Handler.solveSimpleExpression(Handler.java:173)
	at Handler.solveSimpleExpression(Handler.java:173)
	at Handler.solveSimpleExpression(Handler.java:173)
	at Handler.solveSimpleExpression(Handler.java:173)
	at Handler.solveSimpleExpression(Handler.java:173)
	at Handler.solveSimpleExpression(Handler.java:173)
	at Handler.solveSimpleExpression(Handler.java:173)
	at Handler.solveSimpleExpression(Handler.java:173)
	at Handler.solveSimpleExpression(Handler.java:173)
	at Handler.solveSimpleExpression(Handler.java:173)
	at Handler.solveSimpleExpression(Handler.java:173)
	at Handler.solveSimpleExpression(Handler.java:173)
	at Handler.solveSimpleExpression(Handler.java:173)
	at Handler.solveSimpleExpression(Handler.java:173)
	at Handler.solveSimpleExpression(Handler.java:173)
	at Handler.solveSimpleExpression(Handler.java:173)
	at Handler.solveSimpleExpression(Handler.java:173)
	at Handler.solveSimpleExpression(Handler.java:173)
	at Handler.solveSimpleExpression(Handler.java:173)
	at Handler.solveSimpleExpression(Handler.java:173)
	at Handler.solveSimpleExpression(Handler.java:173)
	at Handler.solveSimpleExpression(Handler.java:173)
	at Handler.solveSimpleExpression(Handler.java:173)
	at Handler.solveSimpleExpression(Handler.java:173)
	at Handler.solveSimpleExpression(Handler.java:173)
	at Handler.solveSimpleExpression(Handler.java:173)
	at Handler.solveSimpleExpression(Handler.java:173)
	at Handler.solveSimpleExpression(Handler.java:173)
	at Handler.solveSimpleExpression(Handler.java:173)
	at Handler.solveSimpleExpression(Handler.java:173)
	at Handler.solveSimpleExpression(Handler.java:173)
	at Handler.solveSimpleExpression(Handler.java:173)
	at Handler.solveSimpleExpression(Handler.java:173)
	at Handler.solveSimpleExpression(Handler.java:173)
	at Handler.solveSimpleExpression(Handler.java:173)
	at Handler.solveSimpleExpression(Handler.java:173)
	at Handler.solveSimpleExpression(Handler.java:173)
	at Handler.solveSimpleExpression(Handler.java:173)
	at Handler.solveSimpleExpression(Handler.java:173)
	at Handler.solveSimpleExpression(Handler.java:173)
	at Handler.solveSimpleExpression(Handler.java:173)
	at Handler.solveSimpleExpression(Handler.java:173)
	at Handler.solveSimpleExpression(Handler.java:173)
	at Handler.solveSimpleExpression(Handler.java:173)
	at Handler.solveSimpleExpression(Handler.java:173)
	at Handler.solveSimpleExpression(Handler.java:173)
	at Handler.solveSimpleExpression(Handler.java:173)
	at Handler.solveSimpleExpression(Handler.java:173)
	at Handler.solveSimpleExpression(Handler.java:173)
	at Handler.solveSimpleExpression(Handler.java:173)
	at Handler.solveSimpleExpression(Handler.java:173)
	at Handler.solveSimpleExpression(Handler.java:173)
	at Handler.solveSimpleExpression(Handler.java:173)
	at Handler.solveSimpleExpression(Handler.java:173)
	at Handler.solveSimpleExpression(Handler.java:173)
	at Handler.solveSimpleExpression(Handler.java:173)
	at Handler.solveSimpleExpression(Handler.java:173)
	at Handler.solveSimpleExpression(Handler.java:173)
	at Handler.solveSimpleExpression(Handler.java:173)
	at Handler.solveSimpleExpression(Handler.java:173)
	at Handler.solveSimpleExpression(Handler.java:173)
	at Handler.solveSimpleExpression(Handler.java:173)
	at Handler.solveSimpleExpression(Handler.java:173)
	at Handler.solveSimpleExpression(Handler.java:173)
	at Handler.solveSimpleExpression(Handler.java:173)
	at Handler.solveSimpleExpression(Handler.java:173)
	at Handler.solveSimpleExpression(Handler.java:173)
	at Handler.solveSimpleExpression(Handler.java:173)
	at Handler.solveSimpleExpression(Handler.java:173)
	at Handler.solveSimpleExpression(Handler.java:173)
	at Handler.solveSimpleExpression(Handler.java:173)
	at Handler.solveSimpleExpression(Handler.java:173)
	at Handler.solveSimpleExpression(Handler.java:173)
	at Handler.solveSimpleExpression(Handler.java:173)
	at Handler.solveSimpleExpression(Handler.java:173)
	at Handler.solveSimpleExpression(Handler.java:173)
	at Handler.solveSimpleExpression(Handler.java:173)
	at Handler.solveSimpleExpression(Handler.java:173)
	at Handler.solveSimpleExpression(Handler.java:173)
	at Handler.solveSimpleExpression(Handler.java:173)
	at Handler.solveSimpleExpression(Handler.java:173)
	at Handler.solveSimpleExpression(Handler.java:173)
	at Handler.solveSimpleExpression(Handler.java:173)
	at Handler.solveSimpleExpression(Handler.java:173)
	at Handler.solveSimpleExpression(Handler.java:173)
	at Handler.solveSimpleExpression(Handler.java:173)
	at Handler.solveSimpleExpression(Handler.java:173)
	at Handler.solveSimpleExpression(Handler.java:173)
	at Handler.solveSimpleExpression(Handler.java:173)
	at Handler.solveSimpleExpression(Handler.java:173)
	at Handler.solveSimpleExpression(Handler.java:173)
	at Handler.solveSimpleExpression(Handler.java:173)
	at Handler.solveSimpleExpression(Handler.java:173)
	at Handler.solveSimpleExpression(Handler.java:173)
	at Handler.solveSimpleExpression(Handler.java:173)
	at Handler.solveSimpleExpression(Handler.java:173)
	at Handler.solveSimpleExpression(Handler.java:173)
	at Handler.solveSimpleExpression(Handler.java:173)
	at Handler.solveSimpleExpression(Handler.java:173)
	at Handler.solveSimpleExpression(Handler.java:173)
	at Handler.solveSimpleExpression(Handler.java:173)
	at Handler.solveSimpleExpression(Handler.java:173)
	at Handler.solveSimpleExpression(Handler.java:173)
	at Handler.solveSimpleExpression(Handler.java:173)
	at Handler.solveSimpleExpression(Handler.java:173)
	at Handler.solveSimpleExpression(Handler.java:173)
	at Handler.solveSimpleExpression(Handler.java:173)
	at Handler.solveSimpleExpression(Handler.java:173)
	at Handler.solveSimpleExpression(Handler.java:173)
	at Handler.solveSimpleExpression(Handler.java:173)
	at Handler.solveSimpleExpression(Handler.java:173)
	at Handler.solveSimpleExpression(Handler.java:173)
	at Handler.solveSimpleExpression(Handler.java:173)
	at Handler.solveSimpleExpression(Handler.java:173)
	at Handler.solveSimpleExpression(Handler.java:173)
	at Handler.solveSimpleExpression(Handler.java:173)
	at Handler.solveSimpleExpression(Handler.java:173)
	at Handler.solveSimpleExpression(Handler.java:173)
	at Handler.solveSimpleExpression(Handler.java:173)
	at Handler.solveSimpleExpression(Handler.java:173)
	at Handler.solveSimpleExpression(Handler.java:173)
	at Handler.solveSimpleExpression(Handler.java:173)
	at Handler.solveSimpleExpression(Handler.java:173)
	at Handler.solveSimpleExpression(Handler.java:173)
	at Handler.solveSimpleExpression(Handler.java:173)
	at Handler.solveSimpleExpression(Handler.java:173)
	at Handler.solveSimpleExpression(Handler.java:173)
	at Handler.solveSimpleExpression(Handler.java:173)
	at Handler.solveSimpleExpression(Handler.java:173)
	at Handler.solveSimpleExpression(Handler.java:173)
	at Handler.solveSimpleExpression(Handler.java:173)
	at Handler.solveSimpleExpression(Handler.java:173)
	at Handler.solveSimpleExpression(Handler.java:173)
	at Handler.solveSimpleExpression(Handler.java:173)
	at Handler.solveSimpleExpression(Handler.java:173)
	at Handler.solveSimpleExpression(Handler.java:173)
	at Handler.solveSimpleExpression(Handler.java:173)
	at Handler.solveSimpleExpression(Handler.java:173)
	at Handler.solveSimpleExpression(Handler.java:173)
	at Handler.solveSimpleExpression(Handler.java:173)
	at Handler.solveSimpleExpression(Handler.java:173)
	at Handler.solveSimpleExpression(Handler.java:173)
	at Handler.solveSimpleExpression(Handler.java:173)
	at Handler.solveSimpleExpression(Handler.java:173)
	at Handler.solveSimpleExpression(Handler.java:173)
	at Handler.solveSimpleExpression(Handler.java:173)
	at Handler.solveSimpleExpression(Handler.java:173)
	at Handler.solveSimpleExpression(Handler.java:173)
	at Handler.solveSimpleExpression(Handler.java:173)
	at Handler.solveSimpleExpression(Handler.java:173)
	at Handler.solveSimpleExpression(Handler.java:173)
	at Handler.solveSimpleExpression(Handler.java:173)
	at Handler.solveSimpleExpression(Handler.java:173)
	at Handler.solveSimpleExpression(Handler.java:173)
	at Handler.solveSimpleExpression(Handler.java:173)
	at Handler.solveSimpleExpression(Handler.java:173)
	at Handler.solveSimpleExpression(Handler.java:173)
	at Handler.solveSimpleExpression(Handler.java:173)
	at Handler.solveSimpleExpression(Handler.java:173)
	at Handler.solveSimpleExpression(Handler.java:173)
	at Handler.solveSimpleExpression(Handler.java:173)
	at Handler.solveSimpleExpression(Handler.java:173)
	at Handler.solveSimpleExpression(Handler.java:173)
	at Handler.solveSimpleExpression(Handler.java:173)
	at Handler.solveSimpleExpression(Handler.java:173)
	at Handler.solveSimpleExpression(Handler.java:173)
	at Handler.solveSimpleExpression(Handler.java:173)
	at Handler.solveSimpleExpression(Handler.java:173)
	at Handler.solveSimpleExpression(Handler.java:173)
	at Handler.solveSimpleExpression(Handler.java:173)
	at Handler.solveSimpleExpression(Handler.java:173)
	at Handler.solveSimpleExpression(Handler.java:173)
	at Handler.solveSimpleExpression(Handler.java:173)
	at Handler.solveSimpleExpression(Handler.java:173)
	at Handler.solveSimpleExpression(Handler.java:173)
	at Handler.solveSimpleExpression(Handler.java:173)
	at Handler.solveSimpleExpression(Handler.java:173)
	at Handler.solveSimpleExpression(Handler.java:173)
	at Handler.solveSimpleExpression(Handler.java:173)
	at Handler.solveSimpleExpression(Handler.java:173)
	at Handler.solveSimpleExpression(Handler.java:173)
	at Handler.solveSimpleExpression(Handler.java:173)
	at Handler.solveSimpleExpression(Handler.java:173)
	at Handler.solveSimpleExpression(Handler.java:173)
	at Handler.solveSimpleExpression(Handler.java:173)
	at Handler.solveSimpleExpression(Handler.java:173)
	at Handler.solveSimpleExpression(Handler.java:173)
	at Handler.solveSimpleExpression(Handler.java:173)
	at Handler.solveSimpleExpression(Handler.java:173)
	at Handler.solveSimpleExpression(Handler.java:173)
	at Handler.solveSimpleExpression(Handler.java:173)
	at Handler.solveSimpleExpression(Handler.java:173)
	at Handler.solveSimpleExpression(Handler.java:173)
	at Handler.solveSimpleExpression(Handler.java:173)
	at Handler.solveSimpleExpression(Handler.java:173)
	at Handler.solveSimpleExpression(Handler.java:173)
	at Handler.solveSimpleExpression(Handler.java:173)
	at Handler.solveSimpleExpression(Handler.java:173)
	at Handler.solveSimpleExpression(Handler.java:173)
	at Handler.solveSimpleExpression(Handler.java:173)
	at Handler.solveSimpleExpression(Handler.java:173)
	at Handler.solveSimpleExpression(Handler.java:173)
	at Handler.solveSimpleExpression(Handler.java:173)
	at Handler.solveSimpleExpression(Handler.java:173)
	at Handler.solveSimpleExpression(Handler.java:173)
	at Handler.solveSimpleExpression(Handler.java:173)
	at Handler.solveSimpleExpression(Handler.java:173)
	at Handler.solveSimpleExpression(Handler.java:173)
	at Handler.solveSimpleExpression(Handler.java:173)
	at Handler.solveSimpleExpression(Handler.java:173)
	at Handler.solveSimpleExpression(Handler.java:173)
	at Handler.solveSimpleExpression(Handler.java:173)
	at Handler.solveSimpleExpression(Handler.java:173)
	at Handler.solveSimpleExpression(Handler.java:173)
	at Handler.solveSimpleExpression(Handler.java:173)
	at Handler.solveSimpleExpression(Handler.java:173)
	at Handler.solveSimpleExpression(Handler.java:173)
	at Handler.solveSimpleExpression(Handler.java:173)
	at Handler.solveSimpleExpression(Handler.java:173)
	at Handler.solveSimpleExpression(Handler.java:173)
	at Handler.solveSimpleExpression(Handler.java:173)
	at Handler.solveSimpleExpression(Handler.java:173)
	at Handler.solveSimpleExpression(Handler.java:173)
	at Handler.solveSimpleExpression(Handler.java:173)
	at Handler.solveSimpleExpression(Handler.java:173)
	at Handler.solveSimpleExpression(Handler.java:173)
	at Handler.solveSimpleExpression(Handler.java:173)
	at Handler.solveSimpleExpression(Handler.java:173)
	at Handler.solveSimpleExpression(Handler.java:173)
	at Handler.solveSimpleExpression(Handler.java:173)
	at Handler.solveSimpleExpression(Handler.java:173)
	at Handler.solveSimpleExpression(Handler.java:173)
	at Handler.solveSimpleExpression(Handler.java:173)
	at Handler.solveSimpleExpression(Handler.java:173)
	at Handler.solveSimpleExpression(Handler.java:173)
	at Handler.solveSimpleExpression(Handler.java:173)
	at Handler.solveSimpleExpression(Handler.java:173)
	at Handler.solveSimpleExpression(Handler.java:173)
	at Handler.solveSimpleExpression(Handler.java:173)
	at Handler.solveSimpleExpression(Handler.java:173)
	at Handler.solveSimpleExpression(Handler.java:173)
	at Handler.solveSimpleExpression(Handler.java:173)
	at Handler.solveSimpleExpression(Handler.java:173)
	at Handler.solveSimpleExpression(Handler.java:173)
	at Handler.solveSimpleExpression(Handler.java:173)
	at Handler.solveSimpleExpression(Handler.java:173)
	at Handler.solveSimpleExpression(Handler.java:173)
	at Handler.solveSimpleExpression(Handler.java:173)
	at Handler.solveSimpleExpression(Handler.java:173)
	at Handler.solveSimpleExpression(Handler.java:173)
	at Handler.solveSimpleExpression(Handler.java:173)
	at Handler.solveSimpleExpression(Handler.java:173)
	at Handler.solveSimpleExpression(Handler.java:173)
	at Handler.solveSimpleExpression(Handler.java:173)
	at Handler.solveSimpleExpression(Handler.java:173)
	at Handler.solveSimpleExpression(Handler.java:173)
	at Handler.solveSimpleExpression(Handler.java:173)
	at Handler.solveSimpleExpression(Handler.java:173)
	at Handler.solveSimpleExpression(Handler.java:173)
	at Handler.solveSimpleExpression(Handler.java:173)
	at Handler.solveSimpleExpression(Handler.java:173)
	at Handler.solveSimpleExpression(Handler.java:173)
	at Handler.solveSimpleExpression(Handler.java:173)
	at Handler.solveSimpleExpression(Handler.java:173)
	at Handler.solveSimpleExpression(Handler.java:173)
	at Handler.solveSimpleExpression(Handler.java:173)
	at Handler.solveSimpleExpression(Handler.java:173)
	at Handler.solveSimpleExpression(Handler.java:173)
	at Handler.solveSimpleExpression(Handler.java:173)
	at Handler.solveSimpleExpression(Handler.java:173)
	at Handler.solveSimpleExpression(Handler.java:173)
	at Handler.solveSimpleExpression(Handler.java:173)
	at Handler.solveSimpleExpression(Handler.java:173)
	at Handler.solveSimpleExpression(Handler.java:173)
</failure>
  </testcase>
  <system-out><![CDATA[----------
Current expression is : 1-1
List of nums : [1, 1] | Size : 2
List if signs : [-] | Size : 1
----------
Current expression is : 123/1233*0.0
List of nums : [123, 1233, 0.0] | Size : 3
List if signs : [/, *] | Size : 2
----------
Current expression is : 0.09975669*0.0
List of nums : [0.09975669, 0.0] | Size : 2
List if signs : [*] | Size : 1
0.0
----------
Current expression is : 9--1714.0
List of nums : [9, 1714.0] | Size : 2
List if signs : [-, -] | Size : 2
[-]
[-9, 1714.0]
----------
Current expression is : 9--1714.0
List of nums : [9, 1714.0] | Size : 2
List if signs : [-, -] | Size : 2
[-]
[-9, 1714.0]
----------
Current expression is : 9--1714.0
List of nums : [9, 1714.0] | Size : 2
List if signs : [-, -] | Size : 2
[-]
[-9, 1714.0]
----------
Current expression is : 9--1714.0
List of nums : [9, 1714.0] | Size : 2
List if signs : [-, -] | Size : 2
[-]
[-9, 1714.0]
----------
Current expression is : 9--1714.0
List of nums : [9, 1714.0] | Size : 2
List if signs : [-, -] | Size : 2
[-]
[-9, 1714.0]
----------
Current expression is : 9--1714.0
List of nums : [9, 1714.0] | Size : 2
List if signs : [-, -] | Size : 2
[-]
[-9, 1714.0]
----------
Current expression is : 9--1714.0
List of nums : [9, 1714.0] | Size : 2
List if signs : [-, -] | Size : 2
[-]
[-9, 1714.0]
----------
Current expression is : 9--1714.0
List of nums : [9, 1714.0] | Size : 2
List if signs : [-, -] | Size : 2
[-]
[-9, 1714.0]
----------
Current expression is : 9--1714.0
List of nums : [9, 1714.0] | Size : 2
List if signs : [-, -] | Size : 2
[-]
[-9, 1714.0]
----------
Current expression is : 9--1714.0
List of nums : [9, 1714.0] | Size : 2
List if signs : [-, -] | Size : 2
[-]
[-9, 1714.0]
----------
Current expression is : 9--1714.0
List of nums : [9, 1714.0] | Size : 2
List if signs : [-, -] | Size : 2
[-]
[-9, 1714.0]
----------
Current expression is : 9--1714.0
List of nums : [9, 1714.0] | Size : 2
List if signs : [-, -] | Size : 2
[-]
[-9, 1714.0]
----------
Current expression is : 9--1714.0
List of nums : [9, 1714.0] | Size : 2
List if signs : [-, -] | Size : 2
[-]
[-9, 1714.0]
----------
Current expression is : 9--1714.0
List of nums : [9, 1714.0] | Size : 2
List if signs : [-, -] | Size : 2
[-]
[-9, 1714.0]
----------
Current expression is : 9--1714.0
List of nums : [9, 1714.0] | Size : 2
List if signs : [-, -] | Size : 2
[-]
[-9, 1714.0]
----------
Current expression is : 9--1714.0
List of nums : [9, 1714.0] | Size : 2
List if signs : [-, -] | Size : 2
[-]
[-9, 1714.0]
----------
Current expression is : 9--1714.0
List of nums : [9, 1714.0] | Size : 2
List if signs : [-, -] | Size : 2
[-]
[-9, 1714.0]
----------
Current expression is : 9--1714.0
List of nums : [9, 1714.0] | Size : 2
List if signs : [-, -] | Size : 2
[-]
[-9, 1714.0]
----------
Current expression is : 9--1714.0
List of nums : [9, 1714.0] | Size : 2
List if signs : [-, -] | Size : 2
[-]
[-9, 1714.0]
----------
Current expression is : 9--1714.0
List of nums : [9, 1714.0] | Size : 2
List if signs : [-, -] | Size : 2
[-]
[-9, 1714.0]
----------
Current expression is : 9--1714.0
List of nums : [9, 1714.0] | Size : 2
List if signs : [-, -] | Size : 2
[-]
[-9, 1714.0]
----------
Current expression is : 9--1714.0
List of nums : [9, 1714.0] | Size : 2
List if signs : [-, -] | Size : 2
[-]
[-9, 1714.0]
----------
Current expression is : 9--1714.0
List of nums : [9, 1714.0] | Size : 2
List if signs : [-, -] | Size : 2
[-]
[-9, 1714.0]
----------
Current expression is : 9--1714.0
List of nums : [9, 1714.0] | Size : 2
List if signs : [-, -] | Size : 2
[-]
[-9, 1714.0]
----------
Current expression is : 9--1714.0
List of nums : [9, 1714.0] | Size : 2
List if signs : [-, -] | Size : 2
[-]
[-9, 1714.0]
----------
Current expression is : 9--1714.0
List of nums : [9, 1714.0] | Size : 2
List if signs : [-, -] | Size : 2
[-]
[-9, 1714.0]
----------
Current expression is : 9--1714.0
List of nums : [9, 1714.0] | Size : 2
List if signs : [-, -] | Size : 2
[-]
[-9, 1714.0]
----------
Current expression is : 9--1714.0
List of nums : [9, 1714.0] | Size : 2
List if signs : [-, -] | Size : 2
[-]
[-9, 1714.0]
----------
Current expression is : 9--1714.0
List of nums : [9, 1714.0] | Size : 2
List if signs : [-, -] | Size : 2
[-]
[-9, 1714.0]
----------
Current expression is : 9--1714.0
List of nums : [9, 1714.0] | Size : 2
List if signs : [-, -] | Size : 2
[-]
[-9, 1714.0]
----------
Current expression is : 9--1714.0
List of nums : [9, 1714.0] | Size : 2
List if signs : [-, -] | Size : 2
[-]
[-9, 1714.0]
----------
Current expression is : 9--1714.0
List of nums : [9, 1714.0] | Size : 2
List if signs : [-, -] | Size : 2
[-]
[-9, 1714.0]
----------
Current expression is : 9--1714.0
List of nums : [9, 1714.0] | Size : 2
List if signs : [-, -] | Size : 2
[-]
[-9, 1714.0]
----------
Current expression is : 9--1714.0
List of nums : [9, 1714.0] | Size : 2
List if signs : [-, -] | Size : 2
[-]
[-9, 1714.0]
----------
Current expression is : 9--1714.0
List of nums : [9, 1714.0] | Size : 2
List if signs : [-, -] | Size : 2
[-]
[-9, 1714.0]
----------
Current expression is : 9--1714.0
List of nums : [9, 1714.0] | Size : 2
List if signs : [-, -] | Size : 2
[-]
[-9, 1714.0]
----------
Current expression is : 9--1714.0
List of nums : [9, 1714.0] | Size : 2
List if signs : [-, -] | Size : 2
[-]
[-9, 1714.0]
----------
Current expression is : 9--1714.0
List of nums : [9, 1714.0] | Size : 2
List if signs : [-, -] | Size : 2
[-]
[-9, 1714.0]
----------
Current expression is : 9--1714.0
List of nums : [9, 1714.0] | Size : 2
List if signs : [-, -] | Size : 2
[-]
[-9, 1714.0]
----------
Current expression is : 9--1714.0
List of nums : [9, 1714.0] | Size : 2
List if signs : [-, -] | Size : 2
[-]
[-9, 1714.0]
----------
Current expression is : 9--1714.0
List of nums : [9, 1714.0] | Size : 2
List if signs : [-, -] | Size : 2
[-]
[-9, 1714.0]
----------
Current expression is : 9--1714.0
List of nums : [9, 1714.0] | Size : 2
List if signs : [-, -] | Size : 2
[-]
[-9, 1714.0]
----------
Current expression is : 9--1714.0
List of nums : [9, 1714.0] | Size : 2
List if signs : [-, -] | Size : 2
[-]
[-9, 1714.0]
----------
Current expression is : 9--1714.0
List of nums : [9, 1714.0] | Size : 2
List if signs : [-, -] | Size : 2
[-]
[-9, 1714.0]
----------
Current expression is : 9--1714.0
List of nums : [9, 1714.0] | Size : 2
List if signs : [-, -] | Size : 2
[-]
[-9, 1714.0]
----------
Current expression is : 9--1714.0
List of nums : [9, 1714.0] | Size : 2
List if signs : [-, -] | Size : 2
[-]
[-9, 1714.0]
----------
Current expression is : 9--1714.0
List of nums : [9, 1714.0] | Size : 2
List if signs : [-, -] | Size : 2
[-]
[-9, 1714.0]
----------
Current expression is : 9--1714.0
List of nums : [9, 1714.0] | Size : 2
List if signs : [-, -] | Size : 2
[-]
[-9, 1714.0]
----------
Current expression is : 9--1714.0
List of nums : [9, 1714.0] | Size : 2
List if signs : [-, -] | Size : 2
[-]
[-9, 1714.0]
----------
Current expression is : 9--1714.0
List of nums : [9, 1714.0] | Size : 2
List if signs : [-, -] | Size : 2
[-]
[-9, 1714.0]
----------
Current expression is : 9--1714.0
List of nums : [9, 1714.0] | Size : 2
List if signs : [-, -] | Size : 2
[-]
[-9, 1714.0]
----------
Current expression is : 9--1714.0
List of nums : [9, 1714.0] | Size : 2
List if signs : [-, -] | Size : 2
[-]
[-9, 1714.0]
----------
Current expression is : 9--1714.0
List of nums : [9, 1714.0] | Size : 2
List if signs : [-, -] | Size : 2
[-]
[-9, 1714.0]
----------
Current expression is : 9--1714.0
List of nums : [9, 1714.0] | Size : 2
List if signs : [-, -] | Size : 2
[-]
[-9, 1714.0]
----------
Current expression is : 9--1714.0
List of nums : [9, 1714.0] | Size : 2
List if signs : [-, -] | Size : 2
[-]
[-9, 1714.0]
----------
Current expression is : 9--1714.0
List of nums : [9, 1714.0] | Size : 2
List if signs : [-, -] | Size : 2
[-]
[-9, 1714.0]
----------
Current expression is : 9--1714.0
List of nums : [9, 1714.0] | Size : 2
List if signs : [-, -] | Size : 2
[-]
[-9, 1714.0]
----------
Current expression is : 9--1714.0
List of nums : [9, 1714.0] | Size : 2
List if signs : [-, -] | Size : 2
[-]
[-9, 1714.0]
----------
Current expression is : 9--1714.0
List of nums : [9, 1714.0] | Size : 2
List if signs : [-, -] | Size : 2
[-]
[-9, 1714.0]
----------
Current expression is : 9--1714.0
List of nums : [9, 1714.0] | Size : 2
List if signs : [-, -] | Size : 2
[-]
[-9, 1714.0]
----------
Current expression is : 9--1714.0
List of nums : [9, 1714.0] | Size : 2
List if signs : [-, -] | Size : 2
[-]
[-9, 1714.0]
----------
Current expression is : 9--1714.0
List of nums : [9, 1714.0] | Size : 2
List if signs : [-, -] | Size : 2
[-]
[-9, 1714.0]
----------
Current expression is : 9--1714.0
List of nums : [9, 1714.0] | Size : 2
List if signs : [-, -] | Size : 2
[-]
[-9, 1714.0]
----------
Current expression is : 9--1714.0
List of nums : [9, 1714.0] | Size : 2
List if signs : [-, -] | Size : 2
[-]
[-9, 1714.0]
----------
Current expression is : 9--1714.0
List of nums : [9, 1714.0] | Size : 2
List if signs : [-, -] | Size : 2
[-]
[-9, 1714.0]
----------
Current expression is : 9--1714.0
List of nums : [9, 1714.0] | Size : 2
List if signs : [-, -] | Size : 2
[-]
[-9, 1714.0]
----------
Current expression is : 9--1714.0
List of nums : [9, 1714.0] | Size : 2
List if signs : [-, -] | Size : 2
[-]
[-9, 1714.0]
----------
Current expression is : 9--1714.0
List of nums : [9, 1714.0] | Size : 2
List if signs : [-, -] | Size : 2
[-]
[-9, 1714.0]
----------
Current expression is : 9--1714.0
List of nums : [9, 1714.0] | Size : 2
List if signs : [-, -] | Size : 2
[-]
[-9, 1714.0]
----------
Current expression is : 9--1714.0
List of nums : [9, 1714.0] | Size : 2
List if signs : [-, -] | Size : 2
[-]
[-9, 1714.0]
----------
Current expression is : 9--1714.0
List of nums : [9, 1714.0] | Size : 2
List if signs : [-, -] | Size : 2
[-]
[-9, 1714.0]
----------
Current expression is : 9--1714.0
List of nums : [9, 1714.0] | Size : 2
List if signs : [-, -] | Size : 2
[-]
[-9, 1714.0]
----------
Current expression is : 9--1714.0
List of nums : [9, 1714.0] | Size : 2
List if signs : [-, -] | Size : 2
[-]
[-9, 1714.0]
----------
Current expression is : 9--1714.0
List of nums : [9, 1714.0] | Size : 2
List if signs : [-, -] | Size : 2
[-]
[-9, 1714.0]
----------
Current expression is : 9--1714.0
List of nums : [9, 1714.0] | Size : 2
List if signs : [-, -] | Size : 2
[-]
[-9, 1714.0]
----------
Current expression is : 9--1714.0
List of nums : [9, 1714.0] | Size : 2
List if signs : [-, -] | Size : 2
[-]
[-9, 1714.0]
----------
Current expression is : 9--1714.0
List of nums : [9, 1714.0] | Size : 2
List if signs : [-, -] | Size : 2
[-]
[-9, 1714.0]
----------
Current expression is : 9--1714.0
List of nums : [9, 1714.0] | Size : 2
List if signs : [-, -] | Size : 2
[-]
[-9, 1714.0]
----------
Current expression is : 9--1714.0
List of nums : [9, 1714.0] | Size : 2
List if signs : [-, -] | Size : 2
[-]
[-9, 1714.0]
----------
Current expression is : 9--1714.0
List of nums : [9, 1714.0] | Size : 2
List if signs : [-, -] | Size : 2
[-]
[-9, 1714.0]
----------
Current expression is : 9--1714.0
List of nums : [9, 1714.0] | Size : 2
List if signs : [-, -] | Size : 2
[-]
[-9, 1714.0]
----------
Current expression is : 9--1714.0
List of nums : [9, 1714.0] | Size : 2
List if signs : [-, -] | Size : 2
[-]
[-9, 1714.0]
----------
Current expression is : 9--1714.0
List of nums : [9, 1714.0] | Size : 2
List if signs : [-, -] | Size : 2
[-]
[-9, 1714.0]
----------
Current expression is : 9--1714.0
List of nums : [9, 1714.0] | Size : 2
List if signs : [-, -] | Size : 2
[-]
[-9, 1714.0]
----------
Current expression is : 9--1714.0
List of nums : [9, 1714.0] | Size : 2
List if signs : [-, -] | Size : 2
[-]
[-9, 1714.0]
----------
Current expression is : 9--1714.0
List of nums : [9, 1714.0] | Size : 2
List if signs : [-, -] | Size : 2
[-]
[-9, 1714.0]
----------
Current expression is : 9--1714.0
List of nums : [9, 1714.0] | Size : 2
List if signs : [-, -] | Size : 2
[-]
[-9, 1714.0]
----------
Current expression is : 9--1714.0
List of nums : [9, 1714.0] | Size : 2
List if signs : [-, -] | Size : 2
[-]
[-9, 1714.0]
----------
Current expression is : 9--1714.0
List of nums : [9, 1714.0] | Size : 2
List if signs : [-, -] | Size : 2
[-]
[-9, 1714.0]
----------
Current expression is : 9--1714.0
List of nums : [9, 1714.0] | Size : 2
List if signs : [-, -] | Size : 2
[-]
[-9, 1714.0]
----------
Current expression is : 9--1714.0
List of nums : [9, 1714.0] | Size : 2
List if signs : [-, -] | Size : 2
[-]
[-9, 1714.0]
----------
Current expression is : 9--1714.0
List of nums : [9, 1714.0] | Size : 2
List if signs : [-, -] | Size : 2
[-]
[-9, 1714.0]
----------
Current expression is : 9--1714.0
List of nums : [9, 1714.0] | Size : 2
List if signs : [-, -] | Size : 2
[-]
[-9, 1714.0]
----------
Current expression is : 9--1714.0
List of nums : [9, 1714.0] | Size : 2
List if signs : [-, -] | Size : 2
[-]
[-9, 1714.0]
----------
Current expression is : 9--1714.0
List of nums : [9, 1714.0] | Size : 2
List if signs : [-, -] | Size : 2
[-]
[-9, 1714.0]
----------
Current expression is : 9--1714.0
List of nums : [9, 1714.0] | Size : 2
List if signs : [-, -] | Size : 2
[-]
[-9, 1714.0]
----------
Current expression is : 9--1714.0
List of nums : [9, 1714.0] | Size : 2
List if signs : [-, -] | Size : 2
[-]
[-9, 1714.0]
----------
Current expression is : 9--1714.0
List of nums : [9, 1714.0] | Size : 2
List if signs : [-, -] | Size : 2
[-]
[-9, 1714.0]
----------
Current expression is : 9--1714.0
List of nums : [9, 1714.0] | Size : 2
List if signs : [-, -] | Size : 2
[-]
[-9, 1714.0]
----------
Current expression is : 9--1714.0
List of nums : [9, 1714.0] | Size : 2
List if signs : [-, -] | Size : 2
[-]
[-9, 1714.0]
----------
Current expression is : 9--1714.0
List of nums : [9, 1714.0] | Size : 2
List if signs : [-, -] | Size : 2
[-]
[-9, 1714.0]
----------
Current expression is : 9--1714.0
List of nums : [9, 1714.0] | Size : 2
List if signs : [-, -] | Size : 2
[-]
[-9, 1714.0]
----------
Current expression is : 9--1714.0
List of nums : [9, 1714.0] | Size : 2
List if signs : [-, -] | Size : 2
[-]
[-9, 1714.0]
----------
Current expression is : 9--1714.0
List of nums : [9, 1714.0] | Size : 2
List if signs : [-, -] | Size : 2
[-]
[-9, 1714.0]
----------
Current expression is : 9--1714.0
List of nums : [9, 1714.0] | Size : 2
List if signs : [-, -] | Size : 2
[-]
[-9, 1714.0]
----------
Current expression is : 9--1714.0
List of nums : [9, 1714.0] | Size : 2
List if signs : [-, -] | Size : 2
[-]
[-9, 1714.0]
----------
Current expression is : 9--1714.0
List of nums : [9, 1714.0] | Size : 2
List if signs : [-, -] | Size : 2
[-]
[-9, 1714.0]
----------
Current expression is : 9--1714.0
List of nums : [9, 1714.0] | Size : 2
List if signs : [-, -] | Size : 2
[-]
[-9, 1714.0]
----------
Current expression is : 9--1714.0
List of nums : [9, 1714.0] | Size : 2
List if signs : [-, -] | Size : 2
[-]
[-9, 1714.0]
----------
Current expression is : 9--1714.0
List of nums : [9, 1714.0] | Size : 2
List if signs : [-, -] | Size : 2
[-]
[-9, 1714.0]
----------
Current expression is : 9--1714.0
List of nums : [9, 1714.0] | Size : 2
List if signs : [-, -] | Size : 2
[-]
[-9, 1714.0]
----------
Current expression is : 9--1714.0
List of nums : [9, 1714.0] | Size : 2
List if signs : [-, -] | Size : 2
[-]
[-9, 1714.0]
----------
Current expression is : 9--1714.0
List of nums : [9, 1714.0] | Size : 2
List if signs : [-, -] | Size : 2
[-]
[-9, 1714.0]
----------
Current expression is : 9--1714.0
List of nums : [9, 1714.0] | Size : 2
List if signs : [-, -] | Size : 2
[-]
[-9, 1714.0]
----------
Current expression is : 9--1714.0
List of nums : [9, 1714.0] | Size : 2
List if signs : [-, -] | Size : 2
[-]
[-9, 1714.0]
----------
Current expression is : 9--1714.0
List of nums : [9, 1714.0] | Size : 2
List if signs : [-, -] | Size : 2
[-]
[-9, 1714.0]
----------
Current expression is : 9--1714.0
List of nums : [9, 1714.0] | Size : 2
List if signs : [-, -] | Size : 2
[-]
[-9, 1714.0]
----------
Current expression is : 9--1714.0
List of nums : [9, 1714.0] | Size : 2
List if signs : [-, -] | Size : 2
[-]
[-9, 1714.0]
----------
Current expression is : 9--1714.0
List of nums : [9, 1714.0] | Size : 2
List if signs : [-, -] | Size : 2
[-]
[-9, 1714.0]
----------
Current expression is : 9--1714.0
List of nums : [9, 1714.0] | Size : 2
List if signs : [-, -] | Size : 2
[-]
[-9, 1714.0]
----------
Current expression is : 9--1714.0
List of nums : [9, 1714.0] | Size : 2
List if signs : [-, -] | Size : 2
[-]
[-9, 1714.0]
----------
Current expression is : 9--1714.0
List of nums : [9, 1714.0] | Size : 2
List if signs : [-, -] | Size : 2
[-]
[-9, 1714.0]
----------
Current expression is : 9--1714.0
List of nums : [9, 1714.0] | Size : 2
List if signs : [-, -] | Size : 2
[-]
[-9, 1714.0]
----------
Current expression is : 9--1714.0
List of nums : [9, 1714.0] | Size : 2
List if signs : [-, -] | Size : 2
[-]
[-9, 1714.0]
----------
Current expression is : 9--1714.0
List of nums : [9, 1714.0] | Size : 2
List if signs : [-, -] | Size : 2
[-]
[-9, 1714.0]
----------
Current expression is : 9--1714.0
List of nums : [9, 1714.0] | Size : 2
List if signs : [-, -] | Size : 2
[-]
[-9, 1714.0]
----------
Current expression is : 9--1714.0
List of nums : [9, 1714.0] | Size : 2
List if signs : [-, -] | Size : 2
[-]
[-9, 1714.0]
----------
Current expression is : 9--1714.0
List of nums : [9, 1714.0] | Size : 2
List if signs : [-, -] | Size : 2
[-]
[-9, 1714.0]
----------
Current expression is : 9--1714.0
List of nums : [9, 1714.0] | Size : 2
List if signs : [-, -] | Size : 2
[-]
[-9, 1714.0]
----------
Current expression is : 9--1714.0
List of nums : [9, 1714.0] | Size : 2
List if signs : [-, -] | Size : 2
[-]
[-9, 1714.0]
----------
Current expression is : 9--1714.0
List of nums : [9, 1714.0] | Size : 2
List if signs : [-, -] | Size : 2
[-]
[-9, 1714.0]
----------
Current expression is : 9--1714.0
List of nums : [9, 1714.0] | Size : 2
List if signs : [-, -] | Size : 2
[-]
[-9, 1714.0]
----------
Current expression is : 9--1714.0
List of nums : [9, 1714.0] | Size : 2
List if signs : [-, -] | Size : 2
[-]
[-9, 1714.0]
----------
Current expression is : 9--1714.0
List of nums : [9, 1714.0] | Size : 2
List if signs : [-, -] | Size : 2
[-]
[-9, 1714.0]
----------
Current expression is : 9--1714.0
List of nums : [9, 1714.0] | Size : 2
List if signs : [-, -] | Size : 2
[-]
[-9, 1714.0]
----------
Current expression is : 9--1714.0
List of nums : [9, 1714.0] | Size : 2
List if signs : [-, -] | Size : 2
[-]
[-9, 1714.0]
----------
Current expression is : 9--1714.0
List of nums : [9, 1714.0] | Size : 2
List if signs : [-, -] | Size : 2
[-]
[-9, 1714.0]
----------
Current expression is : 9--1714.0
List of nums : [9, 1714.0] | Size : 2
List if signs : [-, -] | Size : 2
[-]
[-9, 1714.0]
----------
Current expression is : 9--1714.0
List of nums : [9, 1714.0] | Size : 2
List if signs : [-, -] | Size : 2
[-]
[-9, 1714.0]
----------
Current expression is : 9--1714.0
List of nums : [9, 1714.0] | Size : 2
List if signs : [-, -] | Size : 2
[-]
[-9, 1714.0]
----------
Current expression is : 9--1714.0
List of nums : [9, 1714.0] | Size : 2
List if signs : [-, -] | Size : 2
[-]
[-9, 1714.0]
----------
Current expression is : 9--1714.0
List of nums : [9, 1714.0] | Size : 2
List if signs : [-, -] | Size : 2
[-]
[-9, 1714.0]
----------
Current expression is : 9--1714.0
List of nums : [9, 1714.0] | Size : 2
List if signs : [-, -] | Size : 2
[-]
[-9, 1714.0]
----------
Current expression is : 9--1714.0
List of nums : [9, 1714.0] | Size : 2
List if signs : [-, -] | Size : 2
[-]
[-9, 1714.0]
----------
Current expression is : 9--1714.0
List of nums : [9, 1714.0] | Size : 2
List if signs : [-, -] | Size : 2
[-]
[-9, 1714.0]
----------
Current expression is : 9--1714.0
List of nums : [9, 1714.0] | Size : 2
List if signs : [-, -] | Size : 2
[-]
[-9, 1714.0]
----------
Current expression is : 9--1714.0
List of nums : [9, 1714.0] | Size : 2
List if signs : [-, -] | Size : 2
[-]
[-9, 1714.0]
----------
Current expression is : 9--1714.0
List of nums : [9, 1714.0] | Size : 2
List if signs : [-, -] | Size : 2
[-]
[-9, 1714.0]
----------
Current expression is : 9--1714.0
List of nums : [9, 1714.0] | Size : 2
List if signs : [-, -] | Size : 2
[-]
[-9, 1714.0]
----------
Current expression is : 9--1714.0
List of nums : [9, 1714.0] | Size : 2
List if signs : [-, -] | Size : 2
[-]
[-9, 1714.0]
----------
Current expression is : 9--1714.0
List of nums : [9, 1714.0] | Size : 2
List if signs : [-, -] | Size : 2
[-]
[-9, 1714.0]
----------
Current expression is : 9--1714.0
List of nums : [9, 1714.0] | Size : 2
List if signs : [-, -] | Size : 2
[-]
[-9, 1714.0]
----------
Current expression is : 9--1714.0
List of nums : [9, 1714.0] | Size : 2
List if signs : [-, -] | Size : 2
[-]
[-9, 1714.0]
----------
Current expression is : 9--1714.0
List of nums : [9, 1714.0] | Size : 2
List if signs : [-, -] | Size : 2
[-]
[-9, 1714.0]
----------
Current expression is : 9--1714.0
List of nums : [9, 1714.0] | Size : 2
List if signs : [-, -] | Size : 2
[-]
[-9, 1714.0]
----------
Current expression is : 9--1714.0
List of nums : [9, 1714.0] | Size : 2
List if signs : [-, -] | Size : 2
[-]
[-9, 1714.0]
----------
Current expression is : 9--1714.0
List of nums : [9, 1714.0] | Size : 2
List if signs : [-, -] | Size : 2
[-]
[-9, 1714.0]
----------
Current expression is : 9--1714.0
List of nums : [9, 1714.0] | Size : 2
List if signs : [-, -] | Size : 2
[-]
[-9, 1714.0]
----------
Current expression is : 9--1714.0
List of nums : [9, 1714.0] | Size : 2
List if signs : [-, -] | Size : 2
[-]
[-9, 1714.0]
----------
Current expression is : 9--1714.0
List of nums : [9, 1714.0] | Size : 2
List if signs : [-, -] | Size : 2
[-]
[-9, 1714.0]
----------
Current expression is : 9--1714.0
List of nums : [9, 1714.0] | Size : 2
List if signs : [-, -] | Size : 2
[-]
[-9, 1714.0]
----------
Current expression is : 9--1714.0
List of nums : [9, 1714.0] | Size : 2
List if signs : [-, -] | Size : 2
[-]
[-9, 1714.0]
----------
Current expression is : 9--1714.0
List of nums : [9, 1714.0] | Size : 2
List if signs : [-, -] | Size : 2
[-]
[-9, 1714.0]
----------
Current expression is : 9--1714.0
List of nums : [9, 1714.0] | Size : 2
List if signs : [-, -] | Size : 2
[-]
[-9, 1714.0]
----------
Current expression is : 9--1714.0
List of nums : [9, 1714.0] | Size : 2
List if signs : [-, -] | Size : 2
[-]
[-9, 1714.0]
----------
Current expression is : 9--1714.0
List of nums : [9, 1714.0] | Size : 2
List if signs : [-, -] | Size : 2
[-]
[-9, 1714.0]
----------
Current expression is : 9--1714.0
List of nums : [9, 1714.0] | Size : 2
List if signs : [-, -] | Size : 2
[-]
[-9, 1714.0]
----------
Current expression is : 9--1714.0
List of nums : [9, 1714.0] | Size : 2
List if signs : [-, -] | Size : 2
[-]
[-9, 1714.0]
----------
Current expression is : 9--1714.0
List of nums : [9, 1714.0] | Size : 2
List if signs : [-, -] | Size : 2
[-]
[-9, 1714.0]
----------
Current expression is : 9--1714.0
List of nums : [9, 1714.0] | Size : 2
List if signs : [-, -] | Size : 2
[-]
[-9, 1714.0]
----------
Current expression is : 9--1714.0
List of nums : [9, 1714.0] | Size : 2
List if signs : [-, -] | Size : 2
[-]
[-9, 1714.0]
----------
Current expression is : 9--1714.0
List of nums : [9, 1714.0] | Size : 2
List if signs : [-, -] | Size : 2
[-]
[-9, 1714.0]
----------
Current expression is : 9--1714.0
List of nums : [9, 1714.0] | Size : 2
List if signs : [-, -] | Size : 2
[-]
[-9, 1714.0]
----------
Current expression is : 9--1714.0
List of nums : [9, 1714.0] | Size : 2
List if signs : [-, -] | Size : 2
[-]
[-9, 1714.0]
----------
Current expression is : 9--1714.0
List of nums : [9, 1714.0] | Size : 2
List if signs : [-, -] | Size : 2
[-]
[-9, 1714.0]
----------
Current expression is : 9--1714.0
List of nums : [9, 1714.0] | Size : 2
List if signs : [-, -] | Size : 2
[-]
[-9, 1714.0]
----------
Current expression is : 9--1714.0
List of nums : [9, 1714.0] | Size : 2
List if signs : [-, -] | Size : 2
[-]
[-9, 1714.0]
----------
Current expression is : 9--1714.0
List of nums : [9, 1714.0] | Size : 2
List if signs : [-, -] | Size : 2
[-]
[-9, 1714.0]
----------
Current expression is : 9--1714.0
List of nums : [9, 1714.0] | Size : 2
List if signs : [-, -] | Size : 2
[-]
[-9, 1714.0]
----------
Current expression is : 9--1714.0
List of nums : [9, 1714.0] | Size : 2
List if signs : [-, -] | Size : 2
[-]
[-9, 1714.0]
----------
Current expression is : 9--1714.0
List of nums : [9, 1714.0] | Size : 2
List if signs : [-, -] | Size : 2
[-]
[-9, 1714.0]
----------
Current expression is : 9--1714.0
List of nums : [9, 1714.0] | Size : 2
List if signs : [-, -] | Size : 2
[-]
[-9, 1714.0]
----------
Current expression is : 9--1714.0
List of nums : [9, 1714.0] | Size : 2
List if signs : [-, -] | Size : 2
[-]
[-9, 1714.0]
----------
Current expression is : 9--1714.0
List of nums : [9, 1714.0] | Size : 2
List if signs : [-, -] | Size : 2
[-]
[-9, 1714.0]
----------
Current expression is : 9--1714.0
List of nums : [9, 1714.0] | Size : 2
List if signs : [-, -] | Size : 2
[-]
[-9, 1714.0]
----------
Current expression is : 9--1714.0
List of nums : [9, 1714.0] | Size : 2
List if signs : [-, -] | Size : 2
[-]
[-9, 1714.0]
----------
Current expression is : 9--1714.0
List of nums : [9, 1714.0] | Size : 2
List if signs : [-, -] | Size : 2
[-]
[-9, 1714.0]
----------
Current expression is : 9--1714.0
List of nums : [9, 1714.0] | Size : 2
List if signs : [-, -] | Size : 2
[-]
[-9, 1714.0]
----------
Current expression is : 9--1714.0
List of nums : [9, 1714.0] | Size : 2
List if signs : [-, -] | Size : 2
[-]
[-9, 1714.0]
----------
Current expression is : 9--1714.0
List of nums : [9, 1714.0] | Size : 2
List if signs : [-, -] | Size : 2
[-]
[-9, 1714.0]
----------
Current expression is : 9--1714.0
List of nums : [9, 1714.0] | Size : 2
List if signs : [-, -] | Size : 2
[-]
[-9, 1714.0]
----------
Current expression is : 9--1714.0
List of nums : [9, 1714.0] | Size : 2
[...]
List of nums : [9, 1714.0] | Size : 2
List if signs : [-, -] | Size : 2
[-]
[-9, 1714.0]
----------
Current expression is : 9--1714.0
List of nums : [9, 1714.0] | Size : 2
List if signs : [-, -] | Size : 2
[-]
[-9, 1714.0]
----------
Current expression is : 9--1714.0
List of nums : [9, 1714.0] | Size : 2
List if signs : [-, -] | Size : 2
[-]
[-9, 1714.0]
----------
Current expression is : 9--1714.0
List of nums : [9, 1714.0] | Size : 2
List if signs : [-, -] | Size : 2
[-]
[-9, 1714.0]
----------
Current expression is : 9--1714.0
List of nums : [9, 1714.0] | Size : 2
List if signs : [-, -] | Size : 2
[-]
[-9, 1714.0]
----------
Current expression is : 9--1714.0
List of nums : [9, 1714.0] | Size : 2
List if signs : [-, -] | Size : 2
[-]
[-9, 1714.0]
----------
Current expression is : 9--1714.0
List of nums : [9, 1714.0] | Size : 2
List if signs : [-, -] | Size : 2
[-]
[-9, 1714.0]
----------
Current expression is : 9--1714.0
List of nums : [9, 1714.0] | Size : 2
List if signs : [-, -] | Size : 2
[-]
[-9, 1714.0]
----------
Current expression is : 9--1714.0
List of nums : [9, 1714.0] | Size : 2
List if signs : [-, -] | Size : 2
[-]
[-9, 1714.0]
----------
Current expression is : 9--1714.0
List of nums : [9, 1714.0] | Size : 2
List if signs : [-, -] | Size : 2
[-]
[-9, 1714.0]
----------
Current expression is : 9--1714.0
List of nums : [9, 1714.0] | Size : 2
List if signs : [-, -] | Size : 2
[-]
[-9, 1714.0]
----------
Current expression is : 9--1714.0
List of nums : [9, 1714.0] | Size : 2
List if signs : [-, -] | Size : 2
[-]
[-9, 1714.0]
----------
Current expression is : 9--1714.0
List of nums : [9, 1714.0] | Size : 2
List if signs : [-, -] | Size : 2
[-]
[-9, 1714.0]
----------
Current expression is : 9--1714.0
List of nums : [9, 1714.0] | Size : 2
List if signs : [-, -] | Size : 2
[-]
[-9, 1714.0]
----------
Current expression is : 9--1714.0
List of nums : [9, 1714.0] | Size : 2
List if signs : [-, -] | Size : 2
[-]
[-9, 1714.0]
----------
Current expression is : 9--1714.0
List of nums : [9, 1714.0] | Size : 2
List if signs : [-, -] | Size : 2
[-]
[-9, 1714.0]
----------
Current expression is : 9--1714.0
List of nums : [9, 1714.0] | Size : 2
List if signs : [-, -] | Size : 2
[-]
[-9, 1714.0]
----------
Current expression is : 9--1714.0
List of nums : [9, 1714.0] | Size : 2
List if signs : [-, -] | Size : 2
[-]
[-9, 1714.0]
----------
Current expression is : 9--1714.0
List of nums : [9, 1714.0] | Size : 2
List if signs : [-, -] | Size : 2
[-]
[-9, 1714.0]
----------
Current expression is : 9--1714.0
List of nums : [9, 1714.0] | Size : 2
List if signs : [-, -] | Size : 2
[-]
[-9, 1714.0]
----------
Current expression is : 9--1714.0
List of nums : [9, 1714.0] | Size : 2
List if signs : [-, -] | Size : 2
[-]
[-9, 1714.0]
----------
Current expression is : 9--1714.0
List of nums : [9, 1714.0] | Size : 2
List if signs : [-, -] | Size : 2
[-]
[-9, 1714.0]
----------
Current expression is : 9--1714.0
List of nums : [9, 1714.0] | Size : 2
List if signs : [-, -] | Size : 2
[-]
[-9, 1714.0]
----------
Current expression is : 9--1714.0
List of nums : [9, 1714.0] | Size : 2
List if signs : [-, -] | Size : 2
[-]
[-9, 1714.0]
----------
Current expression is : 9--1714.0
List of nums : [9, 1714.0] | Size : 2
List if signs : [-, -] | Size : 2
[-]
[-9, 1714.0]
----------
Current expression is : 9--1714.0
List of nums : [9, 1714.0] | Size : 2
List if signs : [-, -] | Size : 2
[-]
[-9, 1714.0]
----------
Current expression is : 9--1714.0
List of nums : [9, 1714.0] | Size : 2
List if signs : [-, -] | Size : 2
[-]
[-9, 1714.0]
----------
Current expression is : 9--1714.0
List of nums : [9, 1714.0] | Size : 2
List if signs : [-, -] | Size : 2
[-]
[-9, 1714.0]
----------
Current expression is : 9--1714.0
List of nums : [9, 1714.0] | Size : 2
List if signs : [-, -] | Size : 2
[-]
[-9, 1714.0]
----------
Current expression is : 9--1714.0
List of nums : [9, 1714.0] | Size : 2
List if signs : [-, -] | Size : 2
[-]
[-9, 1714.0]
----------
Current expression is : 9--1714.0
List of nums : [9, 1714.0] | Size : 2
List if signs : [-, -] | Size : 2
[-]
[-9, 1714.0]
----------
Current expression is : 9--1714.0
List of nums : [9, 1714.0] | Size : 2
List if signs : [-, -] | Size : 2
[-]
[-9, 1714.0]
----------
Current expression is : 9--1714.0
List of nums : [9, 1714.0] | Size : 2
List if signs : [-, -] | Size : 2
[-]
[-9, 1714.0]
----------
Current expression is : 9--1714.0
List of nums : [9, 1714.0] | Size : 2
List if signs : [-, -] | Size : 2
[-]
[-9, 1714.0]
----------
Current expression is : 9--1714.0
List of nums : [9, 1714.0] | Size : 2
List if signs : [-, -] | Size : 2
[-]
[-9, 1714.0]
----------
Current expression is : 9--1714.0
List of nums : [9, 1714.0] | Size : 2
List if signs : [-, -] | Size : 2
[-]
[-9, 1714.0]
----------
Current expression is : 9--1714.0
List of nums : [9, 1714.0] | Size : 2
List if signs : [-, -] | Size : 2
[-]
[-9, 1714.0]
----------
Current expression is : 9--1714.0
List of nums : [9, 1714.0] | Size : 2
List if signs : [-, -] | Size : 2
[-]
[-9, 1714.0]
----------
Current expression is : 9--1714.0
List of nums : [9, 1714.0] | Size : 2
List if signs : [-, -] | Size : 2
[-]
[-9, 1714.0]
----------
Current expression is : 9--1714.0
List of nums : [9, 1714.0] | Size : 2
List if signs : [-, -] | Size : 2
[-]
[-9, 1714.0]
----------
Current expression is : 9--1714.0
List of nums : [9, 1714.0] | Size : 2
List if signs : [-, -] | Size : 2
[-]
[-9, 1714.0]
----------
Current expression is : 9--1714.0
List of nums : [9, 1714.0] | Size : 2
List if signs : [-, -] | Size : 2
[-]
[-9, 1714.0]
----------
Current expression is : 9--1714.0
List of nums : [9, 1714.0] | Size : 2
List if signs : [-, -] | Size : 2
[-]
[-9, 1714.0]
----------
Current expression is : 9--1714.0
List of nums : [9, 1714.0] | Size : 2
List if signs : [-, -] | Size : 2
[-]
[-9, 1714.0]
----------
Current expression is : 9--1714.0
List of nums : [9, 1714.0] | Size : 2
List if signs : [-, -] | Size : 2
[-]
[-9, 1714.0]
----------
Current expression is : 9--1714.0
List of nums : [9, 1714.0] | Size : 2
List if signs : [-, -] | Size : 2
[-]
[-9, 1714.0]
----------
Current expression is : 9--1714.0
List of nums : [9, 1714.0] | Size : 2
List if signs : [-, -] | Size : 2
[-]
[-9, 1714.0]
----------
Current expression is : 9--1714.0
List of nums : [9, 1714.0] | Size : 2
List if signs : [-, -] | Size : 2
[-]
[-9, 1714.0]
----------
Current expression is : 9--1714.0
List of nums : [9, 1714.0] | Size : 2
List if signs : [-, -] | Size : 2
[-]
[-9, 1714.0]
----------
Current expression is : 9--1714.0
List of nums : [9, 1714.0] | Size : 2
List if signs : [-, -] | Size : 2
[-]
[-9, 1714.0]
----------
Current expression is : 9--1714.0
List of nums : [9, 1714.0] | Size : 2
List if signs : [-, -] | Size : 2
[-]
[-9, 1714.0]
----------
Current expression is : 9--1714.0
List of nums : [9, 1714.0] | Size : 2
List if signs : [-, -] | Size : 2
[-]
[-9, 1714.0]
----------
Current expression is : 9--1714.0
List of nums : [9, 1714.0] | Size : 2
List if signs : [-, -] | Size : 2
[-]
[-9, 1714.0]
----------
Current expression is : 9--1714.0
List of nums : [9, 1714.0] | Size : 2
List if signs : [-, -] | Size : 2
[-]
[-9, 1714.0]
----------
Current expression is : 9--1714.0
List of nums : [9, 1714.0] | Size : 2
List if signs : [-, -] | Size : 2
[-]
[-9, 1714.0]
----------
Current expression is : 9--1714.0
List of nums : [9, 1714.0] | Size : 2
List if signs : [-, -] | Size : 2
[-]
[-9, 1714.0]
----------
Current expression is : 9--1714.0
List of nums : [9, 1714.0] | Size : 2
List if signs : [-, -] | Size : 2
[-]
[-9, 1714.0]
----------
Current expression is : 9--1714.0
List of nums : [9, 1714.0] | Size : 2
List if signs : [-, -] | Size : 2
[-]
[-9, 1714.0]
----------
Current expression is : 9--1714.0
List of nums : [9, 1714.0] | Size : 2
List if signs : [-, -] | Size : 2
[-]
[-9, 1714.0]
----------
Current expression is : 9--1714.0
List of nums : [9, 1714.0] | Size : 2
List if signs : [-, -] | Size : 2
[-]
[-9, 1714.0]
----------
Current expression is : 9--1714.0
List of nums : [9, 1714.0] | Size : 2
List if signs : [-, -] | Size : 2
[-]
[-9, 1714.0]
----------
Current expression is : 9--1714.0
List of nums : [9, 1714.0] | Size : 2
List if signs : [-, -] | Size : 2
[-]
[-9, 1714.0]
----------
Current expression is : 9--1714.0
List of nums : [9, 1714.0] | Size : 2
List if signs : [-, -] | Size : 2
[-]
[-9, 1714.0]
----------
Current expression is : 9--1714.0
List of nums : [9, 1714.0] | Size : 2
List if signs : [-, -] | Size : 2
[-]
[-9, 1714.0]
----------
Current expression is : 9--1714.0
List of nums : [9, 1714.0] | Size : 2
List if signs : [-, -] | Size : 2
[-]
[-9, 1714.0]
----------
Current expression is : 9--1714.0
List of nums : [9, 1714.0] | Size : 2
List if signs : [-, -] | Size : 2
[-]
[-9, 1714.0]
----------
Current expression is : 9--1714.0
List of nums : [9, 1714.0] | Size : 2
List if signs : [-, -] | Size : 2
[-]
[-9, 1714.0]
----------
Current expression is : 9--1714.0
List of nums : [9, 1714.0] | Size : 2
List if signs : [-, -] | Size : 2
[-]
[-9, 1714.0]
----------
Current expression is : 9--1714.0
List of nums : [9, 1714.0] | Size : 2
List if signs : [-, -] | Size : 2
[-]
[-9, 1714.0]
----------
Current expression is : 9--1714.0
List of nums : [9, 1714.0] | Size : 2
List if signs : [-, -] | Size : 2
[-]
[-9, 1714.0]
----------
Current expression is : 9--1714.0
List of nums : [9, 1714.0] | Size : 2
List if signs : [-, -] | Size : 2
[-]
[-9, 1714.0]
----------
Current expression is : 9--1714.0
List of nums : [9, 1714.0] | Size : 2
List if signs : [-, -] | Size : 2
[-]
[-9, 1714.0]
----------
Current expression is : 9--1714.0
List of nums : [9, 1714.0] | Size : 2
List if signs : [-, -] | Size : 2
[-]
[-9, 1714.0]
----------
Current expression is : 9--1714.0
List of nums : [9, 1714.0] | Size : 2
List if signs : [-, -] | Size : 2
[-]
[-9, 1714.0]
----------
Current expression is : 9--1714.0
List of nums : [9, 1714.0] | Size : 2
List if signs : [-, -] | Size : 2
[-]
[-9, 1714.0]
----------
Current expression is : 9--1714.0
List of nums : [9, 1714.0] | Size : 2
List if signs : [-, -] | Size : 2
[-]
[-9, 1714.0]
----------
Current expression is : 9--1714.0
List of nums : [9, 1714.0] | Size : 2
List if signs : [-, -] | Size : 2
[-]
[-9, 1714.0]
----------
Current expression is : 9--1714.0
List of nums : [9, 1714.0] | Size : 2
List if signs : [-, -] | Size : 2
[-]
[-9, 1714.0]
----------
Current expression is : 9--1714.0
List of nums : [9, 1714.0] | Size : 2
List if signs : [-, -] | Size : 2
[-]
[-9, 1714.0]
----------
Current expression is : 9--1714.0
List of nums : [9, 1714.0] | Size : 2
List if signs : [-, -] | Size : 2
[-]
[-9, 1714.0]
----------
Current expression is : 9--1714.0
List of nums : [9, 1714.0] | Size : 2
List if signs : [-, -] | Size : 2
[-]
[-9, 1714.0]
----------
Current expression is : 9--1714.0
List of nums : [9, 1714.0] | Size : 2
List if signs : [-, -] | Size : 2
[-]
[-9, 1714.0]
----------
Current expression is : 9--1714.0
List of nums : [9, 1714.0] | Size : 2
List if signs : [-, -] | Size : 2
[-]
[-9, 1714.0]
----------
Current expression is : 9--1714.0
List of nums : [9, 1714.0] | Size : 2
List if signs : [-, -] | Size : 2
[-]
[-9, 1714.0]
----------
Current expression is : 9--1714.0
List of nums : [9, 1714.0] | Size : 2
List if signs : [-, -] | Size : 2
[-]
[-9, 1714.0]
----------
Current expression is : 9--1714.0
List of nums : [9, 1714.0] | Size : 2
List if signs : [-, -] | Size : 2
[-]
[-9, 1714.0]
----------
Current expression is : 9--1714.0
List of nums : [9, 1714.0] | Size : 2
List if signs : [-, -] | Size : 2
[-]
[-9, 1714.0]
----------
Current expression is : 9--1714.0
List of nums : [9, 1714.0] | Size : 2
List if signs : [-, -] | Size : 2
[-]
[-9, 1714.0]
----------
Current expression is : 9--1714.0
List of nums : [9, 1714.0] | Size : 2
List if signs : [-, -] | Size : 2
[-]
[-9, 1714.0]
----------
Current expression is : 9--1714.0
List of nums : [9, 1714.0] | Size : 2
List if signs : [-, -] | Size : 2
[-]
[-9, 1714.0]
----------
Current expression is : 9--1714.0
List of nums : [9, 1714.0] | Size : 2
List if signs : [-, -] | Size : 2
[-]
[-9, 1714.0]
----------
Current expression is : 9--1714.0
List of nums : [9, 1714.0] | Size : 2
List if signs : [-, -] | Size : 2
[-]
[-9, 1714.0]
----------
Current expression is : 9--1714.0
List of nums : [9, 1714.0] | Size : 2
List if signs : [-, -] | Size : 2
[-]
[-9, 1714.0]
----------
Current expression is : 9--1714.0
List of nums : [9, 1714.0] | Size : 2
List if signs : [-, -] | Size : 2
[-]
[-9, 1714.0]
----------
Current expression is : 9--1714.0
List of nums : [9, 1714.0] | Size : 2
List if signs : [-, -] | Size : 2
[-]
[-9, 1714.0]
----------
Current expression is : 9--1714.0
List of nums : [9, 1714.0] | Size : 2
List if signs : [-, -] | Size : 2
[-]
[-9, 1714.0]
----------
Current expression is : 9--1714.0
List of nums : [9, 1714.0] | Size : 2
List if signs : [-, -] | Size : 2
[-]
[-9, 1714.0]
----------
Current expression is : 9--1714.0
List of nums : [9, 1714.0] | Size : 2
List if signs : [-, -] | Size : 2
[-]
[-9, 1714.0]
----------
Current expression is : 9--1714.0
List of nums : [9, 1714.0] | Size : 2
List if signs : [-, -] | Size : 2
[-]
[-9, 1714.0]
----------
Current expression is : 9--1714.0
List of nums : [9, 1714.0] | Size : 2
List if signs : [-, -] | Size : 2
[-]
[-9, 1714.0]
----------
Current expression is : 9--1714.0
List of nums : [9, 1714.0] | Size : 2
List if signs : [-, -] | Size : 2
[-]
[-9, 1714.0]
----------
Current expression is : 9--1714.0
List of nums : [9, 1714.0] | Size : 2
List if signs : [-, -] | Size : 2
[-]
[-9, 1714.0]
----------
Current expression is : 9--1714.0
List of nums : [9, 1714.0] | Size : 2
List if signs : [-, -] | Size : 2
[-]
[-9, 1714.0]
----------
Current expression is : 9--1714.0
List of nums : [9, 1714.0] | Size : 2
List if signs : [-, -] | Size : 2
[-]
[-9, 1714.0]
----------
Current expression is : 9--1714.0
List of nums : [9, 1714.0] | Size : 2
List if signs : [-, -] | Size : 2
[-]
[-9, 1714.0]
----------
Current expression is : 9--1714.0
List of nums : [9, 1714.0] | Size : 2
List if signs : [-, -] | Size : 2
[-]
[-9, 1714.0]
----------
Current expression is : 9--1714.0
List of nums : [9, 1714.0] | Size : 2
List if signs : [-, -] | Size : 2
[-]
[-9, 1714.0]
----------
Current expression is : 9--1714.0
List of nums : [9, 1714.0] | Size : 2
List if signs : [-, -] | Size : 2
[-]
[-9, 1714.0]
----------
Current expression is : 9--1714.0
List of nums : [9, 1714.0] | Size : 2
List if signs : [-, -] | Size : 2
[-]
[-9, 1714.0]
----------
Current expression is : 9--1714.0
List of nums : [9, 1714.0] | Size : 2
List if signs : [-, -] | Size : 2
[-]
[-9, 1714.0]
----------
Current expression is : 9--1714.0
List of nums : [9, 1714.0] | Size : 2
List if signs : [-, -] | Size : 2
[-]
[-9, 1714.0]
----------
Current expression is : 9--1714.0
List of nums : [9, 1714.0] | Size : 2
List if signs : [-, -] | Size : 2
[-]
[-9, 1714.0]
----------
Current expression is : 9--1714.0
List of nums : [9, 1714.0] | Size : 2
List if signs : [-, -] | Size : 2
[-]
[-9, 1714.0]
----------
Current expression is : 9--1714.0
List of nums : [9, 1714.0] | Size : 2
List if signs : [-, -] | Size : 2
[-]
[-9, 1714.0]
----------
Current expression is : 9--1714.0
List of nums : [9, 1714.0] | Size : 2
List if signs : [-, -] | Size : 2
[-]
[-9, 1714.0]
----------
Current expression is : 9--1714.0
List of nums : [9, 1714.0] | Size : 2
List if signs : [-, -] | Size : 2
[-]
[-9, 1714.0]
----------
Current expression is : 9--1714.0
List of nums : [9, 1714.0] | Size : 2
List if signs : [-, -] | Size : 2
[-]
[-9, 1714.0]
----------
Current expression is : 9--1714.0
List of nums : [9, 1714.0] | Size : 2
List if signs : [-, -] | Size : 2
[-]
[-9, 1714.0]
----------
Current expression is : 9--1714.0
List of nums : [9, 1714.0] | Size : 2
List if signs : [-, -] | Size : 2
[-]
[-9, 1714.0]
----------
Current expression is : 9--1714.0
List of nums : [9, 1714.0] | Size : 2
List if signs : [-, -] | Size : 2
[-]
[-9, 1714.0]
----------
Current expression is : 9--1714.0
List of nums : [9, 1714.0] | Size : 2
List if signs : [-, -] | Size : 2
[-]
[-9, 1714.0]
----------
Current expression is : 9--1714.0
List of nums : [9, 1714.0] | Size : 2
List if signs : [-, -] | Size : 2
[-]
[-9, 1714.0]
----------
Current expression is : 9--1714.0
List of nums : [9, 1714.0] | Size : 2
List if signs : [-, -] | Size : 2
[-]
[-9, 1714.0]
----------
Current expression is : 9--1714.0
List of nums : [9, 1714.0] | Size : 2
List if signs : [-, -] | Size : 2
[-]
[-9, 1714.0]
----------
Current expression is : 9--1714.0
List of nums : [9, 1714.0] | Size : 2
List if signs : [-, -] | Size : 2
[-]
[-9, 1714.0]
----------
Current expression is : 9--1714.0
List of nums : [9, 1714.0] | Size : 2
List if signs : [-, -] | Size : 2
[-]
[-9, 1714.0]
----------
Current expression is : 9--1714.0
List of nums : [9, 1714.0] | Size : 2
List if signs : [-, -] | Size : 2
[-]
[-9, 1714.0]
----------
Current expression is : 9--1714.0
List of nums : [9, 1714.0] | Size : 2
List if signs : [-, -] | Size : 2
[-]
[-9, 1714.0]
----------
Current expression is : 9--1714.0
List of nums : [9, 1714.0] | Size : 2
List if signs : [-, -] | Size : 2
[-]
[-9, 1714.0]
----------
Current expression is : 9--1714.0
List of nums : [9, 1714.0] | Size : 2
List if signs : [-, -] | Size : 2
[-]
[-9, 1714.0]
----------
Current expression is : 9--1714.0
List of nums : [9, 1714.0] | Size : 2
List if signs : [-, -] | Size : 2
[-]
[-9, 1714.0]
----------
Current expression is : 9--1714.0
List of nums : [9, 1714.0] | Size : 2
List if signs : [-, -] | Size : 2
[-]
[-9, 1714.0]
----------
Current expression is : 9--1714.0
List of nums : [9, 1714.0] | Size : 2
List if signs : [-, -] | Size : 2
[-]
[-9, 1714.0]
----------
Current expression is : 9--1714.0
List of nums : [9, 1714.0] | Size : 2
List if signs : [-, -] | Size : 2
[-]
[-9, 1714.0]
----------
Current expression is : 9--1714.0
List of nums : [9, 1714.0] | Size : 2
List if signs : [-, -] | Size : 2
[-]
[-9, 1714.0]
----------
Current expression is : 9--1714.0
List of nums : [9, 1714.0] | Size : 2
List if signs : [-, -] | Size : 2
[-]
[-9, 1714.0]
----------
Current expression is : 9--1714.0
List of nums : [9, 1714.0] | Size : 2
List if signs : [-, -] | Size : 2
[-]
[-9, 1714.0]
----------
Current expression is : 9--1714.0
List of nums : [9, 1714.0] | Size : 2
List if signs : [-, -] | Size : 2
[-]
[-9, 1714.0]
----------
Current expression is : 9--1714.0
List of nums : [9, 1714.0] | Size : 2
List if signs : [-, -] | Size : 2
[-]
[-9, 1714.0]
----------
Current expression is : 9--1714.0
List of nums : [9, 1714.0] | Size : 2
List if signs : [-, -] | Size : 2
[-]
[-9, 1714.0]
----------
Current expression is : 9--1714.0
List of nums : [9, 1714.0] | Size : 2
List if signs : [-, -] | Size : 2
[-]
[-9, 1714.0]
----------
Current expression is : 9--1714.0
List of nums : [9, 1714.0] | Size : 2
List if signs : [-, -] | Size : 2
[-]
[-9, 1714.0]
----------
Current expression is : 9--1714.0
List of nums : [9, 1714.0] | Size : 2
List if signs : [-, -] | Size : 2
[-]
[-9, 1714.0]
----------
Current expression is : 9--1714.0
List of nums : [9, 1714.0] | Size : 2
List if signs : [-, -] | Size : 2
[-]
[-9, 1714.0]
----------
Current expression is : 9--1714.0
List of nums : [9, 1714.0] | Size : 2
List if signs : [-, -] | Size : 2
[-]
[-9, 1714.0]
----------
Current expression is : 9--1714.0
List of nums : [9, 1714.0] | Size : 2
List if signs : [-, -] | Size : 2
[-]
[-9, 1714.0]
----------
Current expression is : 9--1714.0
List of nums : [9, 1714.0] | Size : 2
List if signs : [-, -] | Size : 2
[-]
[-9, 1714.0]
----------
Current expression is : 9--1714.0
List of nums : [9, 1714.0] | Size : 2
List if signs : [-, -] | Size : 2
[-]
[-9, 1714.0]
----------
Current expression is : 9--1714.0
List of nums : [9, 1714.0] | Size : 2
List if signs : [-, -] | Size : 2
[-]
[-9, 1714.0]
]]></system-out>
  <system-err><![CDATA[]]></system-err>
</testsuite>
